    -64.350739172707    -64.350739172707         0.14224E-03
    -64.350739309109    -64.350739309109         0.13219E-03
    -64.350739254057    -64.350739254057         0.93663E-04
    -64.350738952396    -64.350738952396         0.18399E-03
    -64.350739144257    -64.350739144257         0.10045E-03
    -64.350739224618    -64.350739224618         0.19130E-03
    -64.350738684058    -64.350738684058         0.17361E-03
    -64.350734079170    -64.350734079170         0.65769E-04
    -64.350732753742    -64.350732753742         0.65794E-04
    -64.350731051448    -64.350731051448         0.71522E-04
    -64.350713156524    -64.350713156524         0.79656E-04
    -64.350731843236    -64.350731843236         0.46808E-04
    -64.350071028890    -64.350071028890         0.19946E-03
    -64.350071234671    -64.350071234671         0.12069E-03
    -64.350069902843    -64.350069902843         0.13185E-03
    -64.350069451204    -64.350069451204         0.16309E-03
    -64.350066937879    -64.350066937879         0.18224E-03
    -64.350722799179    -64.350722799179         0.78859E-04
    -64.350065026815    -64.350065026815         0.18986E-03
    -64.350063805403    -64.350063805403         0.40152E-04
    -64.349827723542    -64.349827723542         0.18759E-03
    -64.349549901015    -64.349549901015         0.11998E-03
    -64.349547640973    -64.349547640973         0.18172E-03
    -64.349546606425    -64.349546606425         0.16780E-03
    -64.349549970433    -64.349549970433         0.11642E-03
    -64.349545547495    -64.349545547495         0.76868E-04
    -64.349497732668    -64.349497732668         0.13384E-03
    -64.349497143013    -64.349497143013         0.13213E-03
    -64.349545400824    -64.349545400824         0.15492E-03
    -64.350061615170    -64.350061615170         0.58808E-04
    -64.349371566044    -64.349371566044         0.10347E-03
    -64.350060584727    -64.350060584727         0.12749E-03
    -64.349217543007    -64.349217543007         0.13181E-03
    -64.349201391699    -64.349201391699         0.16629E-03
    -64.349201827470    -64.349201827470         0.12554E-03
    -64.349200677441    -64.349200677441         0.15331E-03
    -64.349201024345    -64.349201024345         0.49228E-04
    -64.349200636025    -64.349200636025         0.15519E-03
    -64.349200814878    -64.349200814878         0.16154E-03
    -64.349548606621    -64.349548606621         0.10254E-03
    -64.349140048054    -64.349140048054         0.19617E-03
    -64.349134832717    -64.349134832717         0.95758E-04
    -64.349138373319    -64.349138373319         0.19497E-03
    -64.349107024257    -64.349107024257         0.10547E-03
    -64.349113056955    -64.349113056955         0.41864E-04
    -64.349027558424    -64.349027558424         0.80044E-04
    -64.349201307892    -64.349201307892         0.12528E-03
    -64.349496528909    -64.349496528909         0.89948E-04
    -64.349121112495    -64.349121112495         0.66668E-04
    -64.348985783224    -64.348985783224         0.18419E-03
    -64.348984237702    -64.348984237702         0.17000E-03
    -64.349217601340    -64.349217601340         0.86301E-04
    -64.348929197978    -64.348929197978         0.19604E-03
    -64.348931237178    -64.348931237178         0.10251E-03
    -64.348890374546    -64.348890374546         0.11727E-03
    -64.348792414354    -64.348792414354         0.18887E-03
    -64.348792539749    -64.348792539749         0.19069E-03
    -64.348793242303    -64.348793242303         0.71482E-04
    -64.348789978233    -64.348789978233         0.19382E-03
    -64.348792162390    -64.348792162390         0.16777E-03
    -64.350065141660    -64.350065141660         0.80424E-04
    -64.348762179538    -64.348762179538         0.12929E-03
    -64.348746508092    -64.348746508092         0.17167E-03
    -64.348762793005    -64.348762793005         0.18495E-03
    -64.348746663850    -64.348746663850         0.93304E-04
    -64.348665330955    -64.348665330955         0.13767E-03
    -64.348666430344    -64.348666430344         0.13769E-03
    -64.348664833463    -64.348664833463         0.13366E-03
    -64.348647028362    -64.348647028362         0.11432E-03
    -64.348642245515    -64.348642245515         0.10328E-03
    -64.348647784201    -64.348647784201         0.68901E-04
    -64.348663057532    -64.348663057532         0.15483E-03
    -64.348630156876    -64.348630156876         0.83308E-04
    -64.348611787050    -64.348611787050         0.17967E-03
    -64.348613463792    -64.348613463792         0.78517E-04
    -64.348612526285    -64.348612526285         0.17106E-03
    -64.348588607989    -64.348588607989         0.77532E-04
    -64.348587966857    -64.348587966857         0.91898E-04
    -64.348590276839    -64.348590276839         0.16612E-03
    -64.349201169152    -64.349201169152         0.17669E-03
    -64.348361674516    -64.348361674516         0.91603E-04
    -64.348361161295    -64.348361161295         0.77233E-04
    -64.348360549320    -64.348360549320         0.18011E-03
    -64.348356532546    -64.348356532546         0.30526E-04
    -64.348334667059    -64.348334667059         0.12006E-03
    -64.348334093984    -64.348334093984         0.76897E-04
    -64.348291767214    -64.348291767214         0.19675E-03
    -64.348291490906    -64.348291490906         0.17190E-03
    -64.348289064640    -64.348289064640         0.19961E-03
    -64.348286568817    -64.348286568817         0.16228E-03
    -64.348284070499    -64.348284070499         0.19785E-03
    -64.348273052095    -64.348273052095         0.74103E-04
    -64.348272940578    -64.348272940578         0.61890E-04
    -64.348283960597    -64.348283960597         0.16383E-03
    -64.348228480804    -64.348228480804         0.17427E-03
    -64.348283173913    -64.348283173913         0.89063E-04
    -64.348223984111    -64.348223984111         0.11836E-03
    -64.348166556236    -64.348166556236         0.19396E-03
    -64.348166571451    -64.348166571451         0.12760E-03
    -64.348158198594    -64.348158198594         0.14461E-03
    -64.348661347427    -64.348661347427         0.55252E-04
    -64.348132770373    -64.348132770373         0.98326E-04
    -64.348283322693    -64.348283322693         0.15601E-03
    -64.348077680736    -64.348077680736         0.93950E-04
    -64.348644772508    -64.348644772508         0.62128E-04
    -64.347969024597    -64.347969024597         0.72401E-04
    -64.348931899358    -64.348931899358         0.15146E-03
    -64.347927900540    -64.347927900540         0.68605E-04
    -64.348930789312    -64.348930789312         0.17571E-03
    -64.347833526350    -64.347833526350         0.74119E-04
    -64.347798739962    -64.347798739962         0.15482E-03
    -64.347784738195    -64.347784738195         0.11238E-03
    -64.347779723919    -64.347779723919         0.90887E-04
    -64.347726014293    -64.347726014293         0.92560E-04
    -64.347726890959    -64.347726890959         0.18221E-03
    -64.347677413849    -64.347677413849         0.17595E-03
    -64.347667163536    -64.347667163536         0.10148E-03
    -64.348271719945    -64.348271719945         0.18253E-03
    -64.347667732524    -64.347667732524         0.19616E-03
    -64.347653669534    -64.347653669534         0.18732E-03
    -64.347637343449    -64.347637343449         0.16779E-03
    -64.347610219911    -64.347610219911         0.16749E-03
    -64.348631089968    -64.348631089968         0.17834E-03
    -64.347593991638    -64.347593991638         0.86704E-04
    -64.347577775578    -64.347577775578         0.11168E-03
