  20
 Etot=         -39.7074168156
 C         -2.6315495499       -0.3766208223       -0.2819655611
 C         -2.7914256591        1.0765358592       -0.2618825020
 O         -2.3217432554        0.3714888160        0.9035536648
 H         -1.7779152382       -0.8212569671       -0.7837537125
 H         -2.0116153805        1.6609143112       -0.7426387829
 C          0.8049047537        0.6594496860        0.3569774222
 C          1.3671056341        2.0064418276        0.3960731022
 O          0.5810804172        1.5629239482       -0.7169182635
 H         -0.0710763746        0.4097671174        0.9483048563
 H          2.4184616880        2.1568283823        0.1809177096
 H          0.8924029568        2.7447631689        1.0326587948
 C          1.6674162664       -0.5306596186        0.0287630834
 F          0.9768887306       -1.4411535140       -0.6889704234
 F          2.7621295848       -0.2100655764       -0.6776259969
 F          2.0705775312       -1.1369466455        1.1634513075
 C         -3.8775891401       -1.2743902086       -0.1679610386
 H         -4.5395404528       -1.0710453459       -0.9836637147
 H         -3.5807064608       -2.3019636790       -0.1971861856
 H         -4.3782725251       -1.0739366899        0.7561787352
 H         -3.7495429872        1.5455322434       -0.1785025450
  20
 Etot=         -39.7112490825
 C         -2.6386801642       -0.3827400184       -0.2760586811
 C         -2.7762653648        1.0729678673       -0.2605790539
 O         -2.2922028856        0.3700249857        0.8759195894
 H         -1.7930409188       -0.8217939325       -0.7935442156
 H         -2.0128981556        1.6690481231       -0.7510064080
 C          0.7941798327        0.6639809753        0.3569253349
 C          1.3646803875        2.0104487896        0.3966467488
 O          0.5831239938        1.5714301508       -0.6960235372
 H         -0.0843005985        0.4147323651        0.9488703591
 H          2.4151201080        2.1553297708        0.1777395790
 H          0.8938093251        2.7526212887        1.0284090139
 C          1.6592100997       -0.5303149807        0.0290177745
 F          0.9826087515       -1.4463737950       -0.6859377315
 F          2.7554764284       -0.2176538787       -0.6712157517
 F          2.0685838333       -1.1425731241        1.1544705995
 C         -3.8700994022       -1.2713084196       -0.1690167148
 H         -4.5362511223       -1.0748989977       -1.0005284632
 H         -3.5760267635       -2.3127212820       -0.1848618190
 H         -4.3820409789       -1.0575557512        0.7604499886
 H         -3.7449958667        1.5339561565       -0.1538666619
  20
 Etot=         -39.7124415922
 C         -2.6424347597       -0.3884028477       -0.2738160204
 C         -2.7576888039        1.0701764528       -0.2524236869
 O         -2.2723699622        0.3577844267        0.8551448291
 H         -1.8020871280       -0.8157114640       -0.8147216993
 H         -2.0179647239        1.6726857362       -0.7692555072
 C          0.7837637266        0.6707364550        0.3520725252
 C          1.3627139259        2.0157968386        0.3911753079
 O          0.5846726318        1.5801485392       -0.6829767610
 H         -0.0916968078        0.4225864101        0.9514645400
 H          2.4173072527        2.1470840150        0.1819681927
 H          0.9012256191        2.7546134050        1.0337720421
 C          1.6504791851       -0.5281152555        0.0281398180
 F          0.9826450310       -1.4490926620       -0.6804086156
 F          2.7464909231       -0.2209546466       -0.6693129210
 F          2.0654077712       -1.1402598068        1.1486435728
 C         -3.8633861670       -1.2665301097       -0.1681313304
 H         -4.5257259831       -1.0915035603       -1.0167009081
 H         -3.5762368792       -2.3166651179       -0.1587343525
 H         -4.4000095874       -1.0398587447        0.7529962938
 H         -3.7351147255        1.5220882296       -0.1230853695
  20
 Etot=         -39.7125896665
 C         -2.6422076409       -0.3917692867       -0.2785745360
 C         -2.7532307121        1.0679224520       -0.2489397096
 O         -2.2549770784        0.3493292975        0.8475013068
 H         -1.8083821031       -0.8165991726       -0.8341658422
 H         -2.0242785127        1.6733772340       -0.7770103877
 C          0.7811900962        0.6738031358        0.3505968602
 C          1.3651302378        2.0172242876        0.3915010752
 O          0.5857945392        1.5858712156       -0.6820565927
 H         -0.0923142298        0.4263971443        0.9529309540
 H          2.4213413499        2.1442069050        0.1857792525
 H          0.9085415798        2.7560944605        1.0385936692
 C          1.6465005734       -0.5268187530        0.0283686705
 F          0.9772850582       -1.4484902633       -0.6772519680
 F          2.7421244726       -0.2201805572       -0.6703913389
 F          2.0615459192       -1.1354993739        1.1508112821
 C         -3.8647804134       -1.2667839859       -0.1680226101
 H         -4.5209390310       -1.1058024731       -1.0235998368
 H         -3.5793044508       -2.3167090405       -0.1404039321
 H         -4.4094957119       -1.0276661135        0.7446306364
 H         -3.7295534034        1.5186991806       -0.1044870032
  20
 Etot=         -39.7128497554
 C         -2.6465836534       -0.3995374187       -0.2955259060
 C         -2.7474459567        1.0619403007       -0.2414796537
 O         -2.2266925866        0.3232893393        0.8309562136
 H         -1.8283661057       -0.8194992879       -0.8811991864
 H         -2.0366451107        1.6737651141       -0.7841745358
 C          0.7797062276        0.6828509113        0.3484690886
 C          1.3763779189        2.0212815915        0.3951607739
 O          0.5934165536        1.6018923429       -0.6800903548
 H         -0.0914570590        0.4377818068        0.9541561678
 H          2.4350248703        2.1399402513        0.1942794479
 H          0.9299938537        2.7621989759        1.0487277172
 C          1.6384533455       -0.5230708385        0.0283231328
 F          0.9630022240       -1.4457273315       -0.6694460402
 F          2.7334136060       -0.2211486237       -0.6755156721
 F          2.0533211703       -1.1238501383        1.1557612474
 C         -3.8706117945       -1.2705321715       -0.1680030862
 H         -4.5084268541       -1.1454382355       -1.0422156804
 H         -3.5855732147       -2.3180940436       -0.0915165662
 H         -4.4332672866       -0.9957012501        0.7226660497
 H         -3.7176496092        1.5142649985       -0.0635232072
  20
 Etot=         -39.7130379417
 C         -2.6538598568       -0.4059799275       -0.3095481413
 C         -2.7475266940        1.0552975351       -0.2351092671
 O         -2.2122391416        0.3003908812        0.8195250961
 H         -1.8481829181       -0.8223248427       -0.9148160474
 H         -2.0453106335        1.6714827981       -0.7821919016
 C          0.7830175724        0.6927397906        0.3479268188
 C          1.3909385617        2.0258801144        0.4003385893
 O          0.6049708121        1.6174070055       -0.6776985233
 H         -0.0895110534        0.4504968094        0.9522099748
 H          2.4507088753        2.1376327910        0.2010089692
 H          0.9513033641        2.7690841281        1.0561684626
 C          1.6334161201       -0.5188842782        0.0275923620
 F          0.9505458800       -1.4411775567       -0.6632327605
 F          2.7278069618       -0.2251830608       -0.6819854324
 F          2.0487430930       -1.1156038561        1.1575872047
 C         -3.8779663581       -1.2747984048       -0.1698753025
 H         -4.4992194281       -1.1841815500       -1.0606148831
 H         -3.5904039607       -2.3182963957       -0.0483547817
 H         -4.4557336887       -0.9674772738        0.7005591640
 H         -3.7115069686        1.5101015862       -0.0336796506
  20
 Etot=         -39.7132689650
 C         -2.6683274109       -0.4159383076       -0.3298531921
 C         -2.7525210036        1.0433984516       -0.2245172314
 O         -2.1976656144        0.2646945222        0.8038925320
 H         -1.8810240082       -0.8265362139       -0.9608440728
 H         -2.0576428297        1.6657774155       -0.7731745406
 C          0.7925833348        0.7105641698        0.3480658875
 C          1.4184596607        2.0345160721        0.4093027205
 O          0.6288848536        1.6427130650       -0.6738364175
 H         -0.0859444354        0.4743259251        0.9459952311
 H          2.4795866981        2.1340648588        0.2111131169
 H          0.9871973856        2.7815180478        1.0658166375
 C          1.6276472786       -0.5112522128        0.0266301769
 F          0.9312172325       -1.4313699661       -0.6533945929
 F          2.7207578596       -0.2342366540       -0.6928503996
 F          2.0448231237       -1.1049777851        1.1581400959
 C         -3.8913978044       -1.2822796058       -0.1741458475
 H         -4.4855213644       -1.2477602491       -1.0893346150
 H         -3.5996651204       -2.3164867842        0.0177827149
 H         -4.4945642319       -0.9259864404        0.6617421753
 H         -3.7068930651        1.5018579839        0.0092795707
  20
 Etot=         -39.7134131577
 C         -2.6832337965       -0.4248812666       -0.3466532242
 C         -2.7600402507        1.0316052116       -0.2145392673
 O         -2.1888640958        0.2331381697        0.7910482417
 H         -1.9116923704       -0.8300254149       -0.9984001201
 H         -2.0677978022        1.6591428950       -0.7617716658
 C          0.8040002885        0.7281859729        0.3488168625
 C          1.4460551645        2.0434243734        0.4160976013
 O          0.6553941774        1.6642684920       -0.6721748198
 H         -0.0829529761        0.4997578606        0.9380980908
 H          2.5084010420        2.1301979878        0.2191833186
 H          1.0202572779        2.7949136756        1.0699469797
 C          1.6242491894       -0.5037138194        0.0280563539
 F          0.9145803472       -1.4209473543       -0.6423082560
 F          2.7159440221       -0.2440353277       -0.7002393078
 F          2.0433618932       -1.0963233841        1.1596652292
 C         -3.9049377780       -1.2895702489       -0.1787969464
 H         -4.4777497069       -1.2993146340       -1.1071985042
 H         -3.6118401235       -2.3115360754        0.0647263225
 H         -4.5271435965       -0.9003295249        0.6266861989
 H         -3.7060003670        1.4926487046        0.0455668620
  20
 Etot=         -39.7134769994
 C         -2.6922274551       -0.4294161234       -0.3509032485
 C         -2.7654537561        1.0250665471       -0.2093463706
 O         -2.1915972430        0.2200028690        0.7870186571
 H         -1.9259650873       -0.8314044260       -1.0083714820
 H         -2.0711927749        1.6545614349       -0.7532051337
 C          0.8115306246        0.7380974526        0.3485492313
 C          1.4621741848        2.0485597694        0.4182444553
 O          0.6732184824        1.6746917354       -0.6728652714
 H         -0.0811858125        0.5155243199        0.9320539542
 H          2.5256172197        2.1263249420        0.2240921841
 H          1.0383479760        2.8025466048        1.0698981585
 C          1.6238447644       -0.4992042154        0.0290746356
 F          0.9067911265       -1.4133142365       -0.6373056865
 F          2.7141377188       -0.2485146512       -0.7029883116
 F          2.0443581039       -1.0933844527        1.1590091829
 C         -3.9130190415       -1.2940791630       -0.1817615334
 H         -4.4758006514       -1.3219878272       -1.1123286528
 H         -3.6205209802       -2.3075208997        0.0809971832
 H         -4.5450079628       -0.8959613538        0.6079297636
 H         -3.7080588974        1.4860179668        0.0580182343
  20
 Etot=         -39.7134967347
 C         -2.7024386076       -0.4360186132       -0.3563804614
 C         -2.7699433260        1.0173161076       -0.2018431305
 O         -2.1887094127        0.2023270079        0.7808058753
 H         -1.9433968807       -0.8345324462       -1.0246589916
 H         -2.0776787967        1.6493743313       -0.7474140343
 C          0.8188257079        0.7504981900        0.3470033655
 C          1.4821584914        2.0545653949        0.4226179379
 O          0.6949485437        1.6907139106       -0.6724912404
 H         -0.0794929297        0.5345616793        0.9249203806
 H          2.5476433797        2.1200347390        0.2340843075
 H          1.0630281254        2.8109896632        1.0745416143
 C          1.6213690671       -0.4933096248        0.0278502554
 F          0.8948196380       -1.4028882495       -0.6339745053
 F          2.7096798136       -0.2518314775       -0.7087659423
 F          2.0435331221       -1.0894517929        1.1558015557
 C         -3.9230420970       -1.2999011911       -0.1847548813
 H         -4.4667682424       -1.3602282201       -1.1280711654
 H         -3.6300660988       -2.3051205809        0.1180706280
 H         -4.5753076610       -0.8786658211        0.5802290902
 H         -3.7091712973        1.4781732867        0.0782392919
  20
 Etot=         -39.7135146477
 C         -2.7022795840       -0.4363026909       -0.3548786368
 C         -2.7698648422        1.0175910169       -0.2018773508
 O         -2.1882220964        0.2034360960        0.7818369055
 H         -1.9419365853       -0.8358734584       -1.0219746428
 H         -2.0780755876        1.6486713023       -0.7495494523
 C          0.8185487603        0.7506987633        0.3463906988
 C          1.4827220873        2.0544151272        0.4225068979
 O          0.6971891368        1.6907367603       -0.6736778413
 H         -0.0799897216        0.5359130501        0.9239238891
 H          2.5484842990        2.1188522461        0.2360899289
 H          1.0634874004        2.8115396692        1.0736727871
 C          1.6212633067       -0.4930422859        0.0279054964
 F          0.8944332055       -1.4019559774       -0.6345795637
 F          2.7095197209       -0.2507329809       -0.7079997001
 F          2.0426956548       -1.0895192247        1.1558565104
 C         -3.9236373792       -1.3003856811       -0.1844633945
 H         -4.4677514192       -1.3572552231       -1.1251054226
 H         -3.6321987846       -2.3049570221        0.1139604251
 H         -4.5743563136       -0.8836423542        0.5811693629
 H         -3.7100407192        1.4784191602        0.0766030524
