    -39.714904995912    -39.714904995912         0.72903E-04
    -39.714904679282    -39.714904679282         0.88483E-04
    -39.714903489313    -39.714903489313         0.17332E-03
    -39.714902572224    -39.714902572224         0.10749E-03
    -39.714903209207    -39.714903209207         0.87667E-04
    -39.714903454969    -39.714903454969         0.19897E-04
    -39.714904254107    -39.714904254107         0.17659E-03
    -39.714897508578    -39.714897508578         0.19099E-03
    -39.714902481878    -39.714902481878         0.11749E-03
    -39.714882617294    -39.714882617294         0.16882E-03
    -39.714904392733    -39.714904392733         0.57957E-04
    -39.714904000597    -39.714904000597         0.19504E-03
    -39.714903926582    -39.714903926582         0.14556E-03
    -39.714903646191    -39.714903646191         0.17720E-03
    -39.714875998182    -39.714875998182         0.86321E-04
    -39.714873146073    -39.714873146073         0.51274E-04
    -39.714867281069    -39.714867281069         0.43291E-04
    -39.714825662439    -39.714825662439         0.17487E-03
    -39.714904344543    -39.714904344543         0.65380E-04
    -39.714799779004    -39.714799779004         0.65908E-04
    -39.714850908538    -39.714850908538         0.37880E-04
    -39.714652168271    -39.714652168271         0.19976E-03
    -39.714666479575    -39.714666479575         0.73504E-04
    -39.714632297095    -39.714632297095         0.14945E-03
    -39.714630770131    -39.714630770131         0.10216E-03
    -39.714630828565    -39.714630828565         0.11424E-03
    -39.714630208221    -39.714630208221         0.56076E-04
    -39.714628256083    -39.714628256083         0.18543E-03
    -39.714905031896    -39.714905031896         0.10768E-03
    -39.714625247935    -39.714625247935         0.18978E-03
    -39.714623485520    -39.714623485520         0.15568E-03
    -39.714858510804    -39.714858510804         0.50181E-04
    -39.714632244107    -39.714632244107         0.12794E-03
    -39.714631642643    -39.714631642643         0.19053E-03
    -39.714621197242    -39.714621197242         0.46867E-04
    -39.714606732141    -39.714606732141         0.13353E-03
    -39.714605629860    -39.714605629860         0.80114E-04
    -39.714597251086    -39.714597251086         0.18176E-03
    -39.714604633949    -39.714604633949         0.15794E-03
    -39.714605238008    -39.714605238008         0.88445E-04
    -39.714603749634    -39.714603749634         0.16851E-03
    -39.714605612178    -39.714605612178         0.54471E-04
    -39.714603912780    -39.714603912780         0.81911E-04
    -39.714517177159    -39.714517177159         0.19440E-03
    -39.714525145548    -39.714525145548         0.73472E-04
    -39.714516238348    -39.714516238348         0.26575E-04
    -39.714507741076    -39.714507741076         0.19413E-03
    -39.714487927394    -39.714487927394         0.38786E-04
    -39.714487806292    -39.714487806292         0.70253E-04
    -39.714487606033    -39.714487606033         0.12221E-03
    -39.714487690875    -39.714487690875         0.90533E-04
    -39.714487832732    -39.714487832732         0.55960E-04
    -39.714486561522    -39.714486561522         0.17926E-03
    -39.714487615564    -39.714487615564         0.84476E-04
    -39.714483410581    -39.714483410581         0.18862E-03
    -39.714485809961    -39.714485809961         0.14826E-03
    -39.714298573148    -39.714298573148         0.19709E-03
    -39.714298364611    -39.714298364611         0.17139E-03
    -39.714298566696    -39.714298566696         0.14776E-03
    -39.714298758951    -39.714298758951         0.38090E-04
    -39.714294859706    -39.714294859706         0.13631E-03
    -39.714297079724    -39.714297079724         0.19026E-04
    -39.714297740593    -39.714297740593         0.55321E-04
    -39.714295435329    -39.714295435329         0.38855E-04
    -39.714280763956    -39.714280763956         0.45953E-04
    -39.714515535788    -39.714515535788         0.49769E-04
    -39.714455689402    -39.714455689402         0.58460E-04
    -39.714284920883    -39.714284920883         0.16642E-03
    -39.714877296947    -39.714877296947         0.32881E-04
    -39.713984798308    -39.713984798308         0.11597E-03
    -39.713964279779    -39.713964279779         0.65911E-04
    -39.714867938687    -39.714867938687         0.97526E-04
    -39.714868722681    -39.714868722681         0.38288E-04
    -39.714618640325    -39.714618640325         0.83176E-04
    -39.714624011354    -39.714624011354         0.62970E-04
    -39.714629775400    -39.714629775400         0.19619E-04
    -39.714618975864    -39.714618975864         0.88228E-04
    -39.714629379381    -39.714629379381         0.77802E-04
    -39.714624782381    -39.714624782381         0.32056E-04
    -39.714625970013    -39.714625970013         0.31117E-04
    -39.714483729478    -39.714483729478         0.22874E-04
    -39.713766950461    -39.713766950461         0.10995E-03
    -39.713748668337    -39.713748668337         0.42931E-04
    -39.713747853197    -39.713747853197         0.79341E-04
    -39.713749035473    -39.713749035473         0.78282E-04
    -39.713748182718    -39.713748182718         0.10145E-03
    -39.714482600412    -39.714482600412         0.29749E-04
    -39.713772785574    -39.713772785574         0.12622E-03
    -39.713747642574    -39.713747642574         0.27107E-04
    -39.713748791178    -39.713748791178         0.60321E-04
    -39.713736613482    -39.713736613482         0.10833E-03
    -39.713736766717    -39.713736766717         0.10412E-03
    -39.713735346859    -39.713735346859         0.19494E-03
    -39.713732988081    -39.713732988081         0.52616E-04
    -39.713719905477    -39.713719905477         0.74926E-04
    -39.713729584750    -39.713729584750         0.48897E-04
    -39.713716494621    -39.713716494621         0.19214E-03
    -39.713724164487    -39.713724164487         0.39597E-04
    -39.713588417291    -39.713588417291         0.17404E-03
    -39.713468037433    -39.713468037433         0.13574E-03
    -39.714484001284    -39.714484001284         0.28507E-04
    -39.713465319564    -39.713465319564         0.97571E-04
    -39.713464267793    -39.713464267793         0.19031E-03
    -39.713462290214    -39.713462290214         0.13143E-03
    -39.713468660915    -39.713468660915         0.18182E-03
    -39.713444830852    -39.713444830852         0.80519E-04
    -39.714477407453    -39.714477407453         0.53331E-04
    -39.713415749503    -39.713415749503         0.52678E-04
    -39.713414812868    -39.713414812868         0.17475E-03
    -39.713317756937    -39.713317756937         0.19379E-03
    -39.713317830409    -39.713317830409         0.97572E-04
    -39.713316811042    -39.713316811042         0.15749E-03
    -39.713414755837    -39.713414755837         0.19237E-03
    -39.713415263862    -39.713415263862         0.72167E-04
    -39.713238691920    -39.713238691920         0.15965E-03
    -39.713242762728    -39.713242762728         0.12603E-03
    -39.713239740822    -39.713239740822         0.91708E-04
    -39.713235217896    -39.713235217896         0.12299E-03
    -39.713239940840    -39.713239940840         0.18218E-03
    -39.713239429579    -39.713239429579         0.15177E-03
    -39.713196651648    -39.713196651648         0.18229E-03
    -39.713465759963    -39.713465759963         0.75690E-04
    -39.713186133738    -39.713186133738         0.17540E-03
    -39.713466472168    -39.713466472168         0.12038E-03
    -39.713166776348    -39.713166776348         0.15212E-03
    -39.714298227801    -39.714298227801         0.17978E-03
    -39.713090920152    -39.713090920152         0.17074E-03
    -39.713086103857    -39.713086103857         0.10020E-03
    -39.714298716890    -39.714298716890         0.46553E-04
    -39.713086945156    -39.713086945156         0.10458E-03
    -39.713041075432    -39.713041075432         0.80992E-04
    -39.713023927393    -39.713023927393         0.10048E-03
    -39.713728065919    -39.713728065919         0.31966E-04
    -39.712870941039    -39.712870941039         0.64735E-04
    -39.712869258330    -39.712869258330         0.15907E-03
    -39.712869163016    -39.712869163016         0.13506E-03
    -39.712869101633    -39.712869101633         0.11944E-03
    -39.713732536529    -39.713732536529         0.22190E-04
    -39.713240152140    -39.713240152140         0.16182E-03
    -39.713040246453    -39.713040246453         0.11151E-03
    -39.712462271740    -39.712462271740         0.18492E-03
    -39.712459396205    -39.712459396205         0.19634E-03
    -39.714631288372    -39.714631288372         0.17648E-03
    -39.714450682844    -39.714450682844         0.71686E-04
