  40
 Etot=         -64.3354448795
 C          0.1114181810        3.0923551154       -0.3673665429
 C         -0.2863313696        2.3737425631       -1.4907467991
 C         -0.1001296221        0.9950946531       -1.5447946894
 C          0.4923669772        0.3095375364       -0.4814421284
 C          0.8833815292        1.0455228396        0.6403543837
 C          0.6951575196        2.4216718332        0.7013069275
 H         -0.0347815191        4.1638081200       -0.3265623887
 H         -0.7300529809        2.8876646399       -2.3342657740
 H         -0.4122363610        0.4490277604       -2.4262224702
 H          1.3378730024        0.5318209854        1.4803093264
 H          0.9996382902        2.9682393471        1.5848689208
 C          0.7364952402       -1.1787473084       -0.5363583263
 C          2.1108495115       -1.5645726430       -1.1120366943
 H         -0.0596791305       -1.6702792283       -1.0999576861
 H          0.6904837237       -1.5803859872        0.4789301560
 H          2.1854223821       -2.6533946199       -1.1573067325
 C         -3.8369808329        0.0943240732        2.2665023252
 C         -3.0163053273        0.0533831272        0.9895715981
 C         -3.6426043846       -0.8838778717       -0.0474575545
 H         -2.0221571177       -0.3596010317        1.1921827568
 O         -2.9320335919        1.3596125821        0.4747263101
 H         -2.1925976401        1.4276452986       -0.1461875370
 H         -4.8135319674        0.5356182958        2.0697101780
 H         -3.3194746539        0.7115115974        2.9993237572
 H         -3.9737116186       -0.9047043584        2.6794654555
 F         -4.9128504116       -0.5667865451       -0.3415740461
 F         -2.9477886625       -0.8631794152       -1.2070478022
 F         -3.6341950848       -2.1624056789        0.3925036471
 C          3.3118999191       -1.0242573572       -0.3620101854
 C          4.3211816720       -1.8896187785        0.0611142173
 C          3.4676076032        0.3436407791       -0.1287782664
 C          5.4562384923       -1.4048807545        0.7034610173
 H          4.2178442091       -2.9573604104       -0.1131629307
 C          4.5991661542        0.8327399145        0.5144955332
 H          2.7026151572        1.0401293907       -0.4613745171
 C          5.5977720056       -0.0408508358        0.9349793387
 H          6.2292011261       -2.0955910636        1.0267305630
 H          4.7023867645        1.9000848726        0.6858243194
 H          6.4807419603        0.3400629139        1.4387076527
 H          2.1554013372       -1.2068403970       -2.1425409083
  40
 Etot=         -64.3402913101
 C          0.0922509768        3.0801534180       -0.3643126159
 C         -0.2957426031        2.3592815008       -1.4835301524
 C         -0.1155780049        0.9830717378       -1.5290760710
 C          0.4501560075        0.3044105846       -0.4533371199
 C          0.8053010400        1.0393202896        0.6771489581
 C          0.6434809473        2.4138053786        0.7186933979
 H         -0.0342933521        4.1526159504       -0.3367120838
 H         -0.7297976911        2.8712101080       -2.3306277765
 H         -0.4059765599        0.4361856817       -2.4155025448
 H          1.2887598269        0.5345171137        1.5031952979
 H          0.9830247956        2.9682837727        1.5823575658
 C          0.7410247884       -1.1713162611       -0.5097166270
 C          2.1140031731       -1.5339287478       -1.1166897242
 H         -0.0310278242       -1.6633231012       -1.1081338070
 H          0.6905110192       -1.5827886532        0.5028767912
 H          2.1777293493       -2.6248708343       -1.1543140319
 C         -3.8367127678        0.0927170851        2.2657833495
 C         -3.0016583404        0.0612251877        0.9942535650
 C         -3.6386621981       -0.8768335984       -0.0417836406
 H         -2.0044993821       -0.3543817093        1.1976570208
 O         -2.9167028013        1.3618381891        0.4750478277
 H         -2.1971944015        1.4246006420       -0.1690939595
 H         -4.8091505120        0.5327706948        2.0566633671
 H         -3.3264638450        0.7109975969        2.9992624385
 H         -3.9705382620       -0.9087357876        2.6683636210
 F         -4.9048676367       -0.5667512319       -0.3407128424
 F         -2.9492330149       -0.8629743313       -1.2000830219
 F         -3.6349775855       -2.1544799420        0.3871136356
 C          3.3251361176       -1.0119444220       -0.3775131026
 C          4.3117321729       -1.8861996479        0.0688120871
 C          3.5234770767        0.3516737165       -0.1786692044
 C          5.4461905728       -1.4129247882        0.7105629687
 H          4.2042270474       -2.9491617069       -0.1068556480
 C          4.6301898994        0.8234844088        0.5027583664
 H          2.8037337173        1.0614112066       -0.5519698842
 C          5.6029522664       -0.0566528453        0.9430783708
 H          6.2130245154       -2.1060981519        1.0286748516
 H          4.7345530266        1.8860679780        0.6768401955
 H          6.4844319799        0.3162668768        1.4459742206
 H          2.1548869474       -1.1726394038       -2.1486096341
  40
 Etot=         -64.3419271994
 C          0.0760442891        3.0684449777       -0.3594575382
 C         -0.3051129912        2.3420077154       -1.4747842166
 C         -0.1145336801        0.9690617788       -1.5146501195
 C          0.4525718325        0.3021929830       -0.4350668334
 C          0.7942187356        1.0399399285        0.6952104096
 C          0.6233680095        2.4110448537        0.7291376622
 H         -0.0463000548        4.1406287038       -0.3412771147
 H         -0.7322479494        2.8493272860       -2.3272879593
 H         -0.3972855094        0.4161439851       -2.3990684750
 H          1.2342717663        0.5329741768        1.5411061129
 H          0.9261120879        2.9653296634        1.6035019566
 C          0.7481536479       -1.1688766807       -0.4905584380
 C          2.1147253194       -1.5106468657       -1.1281348936
 H         -0.0171503381       -1.6632592788       -1.0961970001
 H          0.7144861053       -1.5872223309        0.5191099836
 H          2.1754704014       -2.6012304801       -1.1783934509
 C         -3.8314194773        0.0944372019        2.2634997217
 C         -2.9849232249        0.0686477899        0.9965406266
 C         -3.6269594223       -0.8707739451       -0.0394495860
 H         -1.9873203582       -0.3502553271        1.2026773694
 O         -2.8966515336        1.3648100428        0.4768044769
 H         -2.1996967788        1.4194326522       -0.1943282016
 H         -4.8016485571        0.5308366346        2.0415205858
 H         -3.3323457213        0.7128705122        3.0028946676
 H         -3.9629280954       -0.9100786691        2.6555291936
 F         -4.8896503785       -0.5614422478       -0.3384705425
 F         -2.9415582305       -0.8610020750       -1.1973182457
 F         -3.6287085939       -2.1470065736        0.3833893554
 C          3.3286129018       -0.9990350969       -0.3953034277
 C          4.2967897972       -1.8825749628        0.0703269922
 C          3.5474150145        0.3623156217       -0.2127864882
 C          5.4314561619       -1.4214757634        0.7151642964
 H          4.1728230973       -2.9452528699       -0.0852250274
 C          4.6512807343        0.8214863040        0.4800315131
 H          2.8542854862        1.0800723532       -0.6207847813
 C          5.6038195458       -0.0683424776        0.9422446630
 H          6.1849892771       -2.1217046230        1.0443102155
 H          4.7696242383        1.8825260206        0.6426708569
 H          6.4773110961        0.2930156996        1.4641259218
 H          2.1363118309       -1.1274626640       -2.1533798363
  40
 Etot=         -64.3432900558
 C          0.0519750563        3.0547610613       -0.3497948835
 C         -0.3102988124        2.3213348024       -1.4666121875
 C         -0.1078222839        0.9505375403       -1.4968354624
 C          0.4566132062        0.2962956046       -0.4085300860
 C          0.7723529751        1.0375077519        0.7263913294
 C          0.5826792054        2.4061452698        0.7529933159
 H         -0.0748923408        4.1259515354       -0.3401601154
 H         -0.7405373386        2.8200984881       -2.3223720248
 H         -0.3837400848        0.3877567716       -2.3770004160
 H          1.1930794094        0.5337591502        1.5842106724
 H          0.8652829117        2.9678298120        1.6298484560
 C          0.7581176250       -1.1699827305       -0.4706031215
 C          2.1150326712       -1.4841269703       -1.1486833656
 H         -0.0108563464       -1.6705567262       -1.0641146777
 H          0.7583893287       -1.5960015009        0.5354325443
 H          2.1816679431       -2.5723064483       -1.2330557586
 C         -3.8221220403        0.0982456283        2.2575115977
 C         -2.9629489156        0.0770144618        0.9967118781
 C         -3.6057189071       -0.8639932446       -0.0406512743
 H         -1.9666689199       -0.3455793541        1.2093209689
 O         -2.8697568776        1.3693774336        0.4794045810
 H         -2.2022450774        1.4132571192       -0.2250010566
 H         -4.7910460041        0.5295525703        2.0217483825
 H         -3.3372119133        0.7166677596        3.0055622105
 H         -3.9512923270       -0.9093879166        2.6400008102
 F         -4.8651745739       -0.5514537710       -0.3385734273
 F         -2.9216666573       -0.8554959287       -1.1976885046
 F         -3.6128674400       -2.1385452085        0.3788542980
 C          3.3300928365       -0.9825148998       -0.4200184341
 C          4.2695005285       -1.8800163657        0.0796338970
 C          3.5746771765        0.3780946526       -0.2625864762
 C          5.4039008083       -1.4349664504        0.7340963096
 H          4.1240926445       -2.9426680904       -0.0567890159
 C          4.6788021807        0.8228592601        0.4417527420
 H          2.9023499230        1.1018688222       -0.6962150886
 C          5.6006762870       -0.0818929521        0.9433726309
 H          6.1385255541       -2.1466472209        1.0821423898
 H          4.8207113031        1.8837455333        0.5860302775
 H          6.4711466886        0.2664180474        1.4785106791
 H          2.1049010789       -1.0630393429       -2.1603701895
  40
 Etot=         -64.3443497623
 C          0.0234452763        3.0416791535       -0.3357748452
 C         -0.3187868146        2.3020727259       -1.4560216090
 C         -0.1015032467        0.9332999626       -1.4786200962
 C          0.4593540515        0.2881388577       -0.3816941483
 C          0.7563874050        1.0341024788        0.7543131945
 C          0.5476342257        2.4014690385        0.7749706353
 H         -0.1191020010        4.1108607639       -0.3284420129
 H         -0.7453422046        2.7937001125       -2.3182732624
 H         -0.3615245606        0.3622692550       -2.3589347035
 H          1.1701218829        0.5363854342        1.6193086990
 H          0.8013660003        2.9692672835        1.6582256729
 C          0.7705445322       -1.1748473692       -0.4517913081
 C          2.1132489548       -1.4602527527       -1.1748590412
 H         -0.0114291150       -1.6835561259       -1.0196837107
 H          0.8116804424       -1.6048810208        0.5523340572
 H          2.1898277581       -2.5442092258       -1.3040154695
 C         -3.8118307342        0.1030208661        2.2487362212
 C         -2.9415731772        0.0840721256        0.9950362307
 C         -3.5790578840       -0.8579698782       -0.0453320152
 H         -1.9471718415       -0.3393751404        1.2172067524
 O         -2.8450776789        1.3746334687        0.4800752354
 H         -2.1986873372        1.4117983627       -0.2429566490
 H         -4.7804676419        0.5298845894        2.0034983020
 H         -3.3378866293        0.7225217941        3.0027083519
 H         -3.9394196372       -0.9057542512        2.6285998721
 F         -4.8370600850       -0.5416867798       -0.3452869246
 F         -2.8912231859       -0.8471464557       -1.2004265883
 F         -3.5885313338       -2.1317047963        0.3737954365
 C          3.3281216694       -0.9700988007       -0.4426841969
 C          4.2379102888       -1.8790391836        0.0919972345
 C          3.5951255112        0.3888719590       -0.3064494637
 C          5.3711461769       -1.4470947477        0.7576807316
 H          4.0685495823       -2.9415518175       -0.0245188093
 C          4.7025876059        0.8233044554        0.4002277966
 H          2.9392866345        1.1158964778       -0.7616922416
 C          5.5958160762       -0.0921533450        0.9362819934
 H          6.0809727996       -2.1700137914        1.1386301162
 H          4.8717903069        1.8845564624        0.5214222778
 H          6.4652678926        0.2469938617        1.4792119687
 H          2.0731905163       -0.9975600529       -2.1689292801
  40
 Etot=         -64.3452235280
 C         -0.0132411296        3.0253581457       -0.3152766174
 C         -0.3264534958        2.2815553412       -1.4432591090
 C         -0.0911620006        0.9160060748       -1.4604808709
 C          0.4638231842        0.2773770778       -0.3550027361
 C          0.7415695911        1.0275468898        0.7820186704
 C          0.5066090385        2.3924151174        0.8009739901
 H         -0.1756413814        4.0923536856       -0.3081314282
 H         -0.7467614157        2.7664173085       -2.3127396808
 H         -0.3351410675        0.3375314232       -2.3406456110
 H          1.1569735762        0.5383412729        1.6511426679
 H          0.7420352364        2.9666890287        1.6852711870
 C          0.7865841772       -1.1832484090       -0.4318905729
 C          2.1075513904       -1.4347381312       -1.2060419335
 H         -0.0143348780       -1.7044440482       -0.9630734786
 H          0.8775145737       -1.6118435924        0.5712089251
 H          2.1940798425       -2.5113351830       -1.3866742536
 C         -3.7997750873        0.1088855196        2.2383854257
 C         -2.9191643783        0.0911656764        0.9928457800
 C         -3.5448538434       -0.8513444083       -0.0531497513
 H         -1.9263627081       -0.3300470845        1.2257510075
 O         -2.8212563082        1.3820902329        0.4803204135
 H         -2.1913793689        1.4154019745       -0.2539695974
 H         -4.7685538380        0.5314070043        1.9856232687
 H         -3.3344983192        0.7314111615        2.9953016885
 H         -3.9263994344       -0.8994747896        2.6207197106
 F         -4.8024081421       -0.5339966740       -0.3611522317
 F         -2.8482455235       -0.8356122515       -1.2044100897
 F         -3.5540249434       -2.1254667813        0.3655755639
 C          3.3237303325       -0.9588430459       -0.4679607483
 C          4.1985407785       -1.8772468323        0.1081769655
 C          3.6139041919        0.3971396689       -0.3536908717
 C          5.3278332347       -1.4568161146        0.7885361326
 H          4.0026522344       -2.9378871223        0.0115854020
 C          4.7251355151        0.8225195706        0.3530725019
 H          2.9711267200        1.1251669018       -0.8251553594
 C          5.5860281261       -0.1011393066        0.9266407356
 H          6.0091520848       -2.1882434006        1.2074454051
 H          4.9250241428        1.8824444793        0.4479687244
 H          6.4585268442        0.2310158989        1.4690440720
 H          2.0389629299       -0.9286083249       -2.1770288921
  40
 Etot=         -64.3456987767
 C         -0.0396982063        3.0121530087       -0.2977964105
 C         -0.3323057840        2.2677877730       -1.4317757643
 C         -0.0838619594        0.9053738965       -1.4484147582
 C          0.4655790371        0.2683682450       -0.3383434090
 C          0.7330431591        1.0199104430        0.7988267293
 C          0.4812989361        2.3825700227        0.8188614057
 H         -0.2228073273        4.0762476676       -0.2863809062
 H         -0.7472265089        2.7494688356       -2.3054428930
 H         -0.3120025396        0.3248060740       -2.3314808436
 H          1.1555558732        0.5370614296        1.6683727254
 H          0.7003053764        2.9577334061        1.7068455963
 C          0.8002833083       -1.1906202148       -0.4194718155
 C          2.0999218540       -1.4193626644       -1.2278248146
 H         -0.0144036559       -1.7232348608       -0.9195701358
 H          0.9268721132       -1.6128926300        0.5820209217
 H          2.1917268193       -2.4877472128       -1.4424626828
 C         -3.7896881493        0.1135015602        2.2315992393
 C         -2.9029409812        0.0968941287        0.9920134364
 C         -3.5144838827       -0.8458840509       -0.0601128691
 H         -1.9099534843       -0.3189738376        1.2312716497
 O         -2.8076935367        1.3903692934        0.4819472782
 H         -2.1875721776        1.4232233540       -0.2597160794
 H         -4.7591512736        0.5323187536        1.9747204672
 H         -3.3288580662        0.7403868049        2.9879537730
 H         -3.9152963483       -0.8935954975        2.6188420348
 F         -4.7722992884       -0.5328486047       -0.3796356710
 F         -2.8077041059       -0.8243913210       -1.2065545344
 F         -3.5201925774       -2.1213671521        0.3571743601
 C          3.3182655919       -0.9532915592       -0.4858201100
 C          4.1665329603       -1.8747621404        0.1207723004
 C          3.6247325481        0.3997804220       -0.3884743705
 C          5.2919321667       -1.4591562454        0.8101566159
 H          3.9500552406       -2.9328111210        0.0409648787
 C          4.7381470249        0.8202550357        0.3175476598
 H          2.9918279792        1.1284379657       -0.8743447906
 C          5.5752683317       -0.1059657535        0.9177838656
 H          5.9503696619       -2.1924791560        1.2600169430
 H          4.9589209770        1.8770061936        0.3934965441
 H          6.4499325386        0.2223552001        1.4599092442
 H          2.0152688368       -0.8867215374       -2.1796004059
  40
 Etot=         -64.3459236866
 C         -0.0584367041        3.0018107268       -0.2825327583
 C         -0.3372103377        2.2597722387       -1.4213558863
 C         -0.0782976809        0.8999995246       -1.4418292075
 C          0.4681120671        0.2619329034       -0.3309629775
 C          0.7298896271        1.0123321011        0.8075320129
 C          0.4660565804        2.3725395972        0.8321943957
 H         -0.2537471368        4.0634879656       -0.2672743566
 H         -0.7492392762        2.7414104474       -2.2960713376
 H         -0.2976898658        0.3210093910       -2.3274801972
 H          1.1575763269        0.5321717126        1.6763246106
 H          0.6807687326        2.9456871074        1.7213068044
 C          0.8097421048       -1.1963001153       -0.4125266055
 C          2.0925128024       -1.4122763201       -1.2420024188
 H         -0.0113306656       -1.7357259015       -0.8933418676
 H          0.9572273519       -1.6114388896        0.5871385367
 H          2.1862155274       -2.4743982272       -1.4741354085
 C         -3.7826506097        0.1161247726        2.2278609102
 C         -2.8922672006        0.1025007196        0.9919396264
 C         -3.4892104834       -0.8423026617       -0.0649436718
 H         -1.8967303569       -0.3047001819        1.2343414436
 O         -2.8049366327        1.3986161925        0.4829994304
 H         -2.1866450530        1.4355168054       -0.2595457163
 H         -4.7535154449        0.5301350368        1.9681646725
 H         -3.3253193555        0.7482957459        2.9824111406
 H         -3.9050637797       -0.8899423196        2.6192752453
 F         -4.7473922819       -0.5388182567       -0.3960773439
 F         -2.7735061421       -0.8150001831       -1.2062854014
 F         -3.4885063751       -2.1189903588        0.3504088661
 C          3.3144380869       -0.9511207165       -0.5008876701
 C          4.1425711270       -1.8724267132        0.1310015106
 C          3.6324352191        0.3999274273       -0.4183180452
 C          5.2636960800       -1.4576716476        0.8273763970
 H          3.9120093977       -2.9278889753        0.0659246989
 C          4.7448099616        0.8183760408        0.2902350602
 H          3.0058858403        1.1279336609       -0.9130381645
 C          5.5640228346       -0.1081908261        0.9137117312
 H          5.9063455881       -2.1887217585        1.2986524266
 H          4.9776231150        1.8721407497        0.3519188947
 H          6.4390189052        0.2183442282        1.4568130976
 H          1.9984385878       -0.8642470890       -2.1810480734
  40
 Etot=         -64.3460378585
 C         -0.0685391300        2.9942392970       -0.2702695449
 C         -0.3408954291        2.2550694288       -1.4118148393
 C         -0.0758787765        0.8967781494       -1.4367961809
 C          0.4691790744        0.2569544581       -0.3267609813
 C          0.7294191666        1.0054464630        0.8130842996
 C          0.4597916937        2.3639490648        0.8422743978
 H         -0.2719734194        4.0539529602       -0.2510544107
 H         -0.7534295655        2.7380151946       -2.2853658584
 H         -0.2894297619        0.3211048305       -2.3257635785
 H          1.1593025094        0.5250392299        1.6806952050
 H          0.6700340946        2.9336417422        1.7346406319
 C          0.8150923374       -1.2007839209       -0.4088249107
 C          2.0871122917       -1.4093213526       -1.2530234244
 H         -0.0090304675       -1.7438877597       -0.8781935921
 H          0.9770937470       -1.6113297111        0.5896207784
 H          2.1818299708       -2.4682405285       -1.4961502582
 C         -3.7780809465        0.1169261323        2.2257226420
 C         -2.8850668530        0.1091705330        0.9919059006
 C         -3.4680216929       -0.8402393795       -0.0676831079
 H         -1.8855085243       -0.2872982919        1.2359404766
 O         -2.8096597983        1.4070892851        0.4830493469
 H         -2.1887467330        1.4507167581       -0.2575323231
 H         -4.7511499555        0.5241170702        1.9633361864
 H         -3.3258599321        0.7543768602        2.9793133868
 H         -3.8944812634       -0.8890419166        2.6189992713
 F         -4.7265775089       -0.5488883345       -0.4078219581
 F         -2.7457358304       -0.8074381951       -1.2044907746
 F         -3.4588352024       -2.1173588203        0.3466356430
 C          3.3116155986       -0.9507679987       -0.5131990317
 C          4.1245119597       -1.8702975879        0.1389347353
 C          3.6384832352        0.3987465311       -0.4432145014
 C          5.2418275598       -1.4549207727        0.8410194743
 H          3.8830286672       -2.9239467426        0.0891724793
 C          4.7488066198        0.8171744293        0.2679278632
 H          3.0208950153        1.1268104265       -0.9524354087
 C          5.5549955123       -0.1081452233        0.9097079646
 H          5.8696698614       -2.1843390959        1.3353361135
 H          4.9897179004        1.8693242825        0.3165303277
 H          6.4266628833        0.2176602862        1.4587806045
 H          1.9855315736       -0.8501538274       -2.1843586397
  40
 Etot=         -64.3461431713
 C         -0.0722355356        2.9893196483       -0.2590831322
 C         -0.3434447537        2.2540702345       -1.4027319553
 C         -0.0750850670        0.8963605020       -1.4340604186
 C          0.4706262617        0.2534582501       -0.3269302404
 C          0.7318019509        0.9987387094        0.8153403126
 C          0.4603342142        2.3561562319        0.8504123976
 H         -0.2786882166        4.0478696053       -0.2358356195
 H         -0.7574710913        2.7400229036       -2.2740169576
 H         -0.2877377451        0.3255538005       -2.3260502070
 H          1.1620164212        0.5152280386        1.6809791760
 H          0.6709022558        2.9214143037        1.7453916334
 C          0.8169272652       -1.2042530687       -0.4101134411
 C          2.0834707006       -1.4113176649       -1.2607080573
 H         -0.0081032410       -1.7487346591       -0.8737961066
 H          0.9859977561       -1.6117023567        0.5874108518
 H          2.1771855052       -2.4691294558       -1.5047574782
 C         -3.7756072096        0.1160646291        2.2244443425
 C         -2.8817179042        0.1173711249        0.9911348849
 C         -3.4501601379       -0.8396330956       -0.0690477180
 H         -1.8766561320       -0.2652162145        1.2356259660
 O         -2.8233795911        1.4163759203        0.4808170321
 H         -2.1926644282        1.4705412108       -0.2511308597
 H         -4.7521417863        0.5139117359        1.9606917791
 H         -3.3298056852        0.7588887406        2.9774848405
 H         -3.8825126669       -0.8906101128        2.6182267776
 F         -4.7096281319       -0.5634705431       -0.4158592431
 F         -2.7231261075       -0.8012690723       -1.2019706833
 F         -3.4292310252       -2.1163715070        0.3463201662
 C          3.3096038391       -0.9524364898       -0.5232780764
 C          4.1100394182       -1.8682959913        0.1480635076
 C          3.6439871690        0.3959497696       -0.4665826790
 C          5.2231314727       -1.4502728695        0.8555336713
 H          3.8627421395       -2.9197919084        0.1093766439
 C          4.7502736452        0.8165138873        0.2493196399
 H          3.0323078338        1.1215646627       -0.9841542807
 C          5.5454487797       -0.1058593589        0.9096420387
 H          5.8424410686       -2.1751993840        1.3619791006
 H          4.9950509764        1.8675354509        0.2877205147
 H          6.4141806093        0.2216634265        1.4616299295
 H          1.9786276553       -0.8511050800       -2.1895636478
  40
 Etot=         -64.3462997399
 C         -0.0732567920        2.9839216569       -0.2423618116
 C         -0.3461893863        2.2548626770       -1.3890884034
 C         -0.0752439828        0.8972742308       -1.4303693540
 C          0.4729841542        0.2490673789       -0.3286002985
 C          0.7371153842        0.9887838134        0.8176911094
 C          0.4647681653        2.3452232887        0.8622454511
 H         -0.2807443402        4.0417494476       -0.2128154640
 H         -0.7643950637        2.7458509961       -2.2558526069
 H         -0.2907817916        0.3337314868       -2.3259946821
 H          1.1682760600        0.4990107305        1.6791591343
 H          0.6804490711        2.9045156510        1.7594944093
 C          0.8173333433       -1.2087883217       -0.4152463831
 C          2.0805601060       -1.4164826625       -1.2715705544
 H         -0.0088358228       -1.7528393068       -0.8752603529
 H          0.9922434728       -1.6154948488        0.5810585135
 H          2.1730343136       -2.4750899866       -1.5137165014
 C         -3.7731410258        0.1129793588        2.2227527882
 C         -2.8791386224        0.1313671674        0.9891162190
 C         -3.4263322930       -0.8397489083       -0.0698233064
 H         -1.8651953001       -0.2283185359        1.2336706784
 O         -2.8500453248        1.4308491749        0.4754023439
 H         -2.2007706116        1.5027820898       -0.2405077967
 H         -4.7562629513        0.4939640593        1.9582547880
 H         -3.3389562571        0.7633333679        2.9762038135
 H         -3.8622432809       -0.8958655264        2.6153609368
 F         -4.6880929898       -0.5882606501       -0.4231358226
 F         -2.6949066194       -0.7934088946       -1.1985203052
 F         -3.3847807352       -2.1149087284        0.3498213144
 C          3.3066941664       -0.9555532365       -0.5358681722
 C          4.0915978455       -1.8648843201        0.1607734490
 C          3.6508210565        0.3910687049       -0.4982167123
 C          5.1993864958       -1.4422524885        0.8741674983
 H          3.8344923660       -2.9148790671        0.1431296129
 C          4.7516687794        0.8162381403        0.2229768176
 H          3.0511477405        1.1131503855       -1.0356328385
 C          5.5326388993       -0.1003475296        0.9082871096
 H          5.8028986912       -2.1629649928        1.4075489281
 H          5.0019015952        1.8665534849        0.2459631091
 H          6.3949547441        0.2306317936        1.4678012832
 H          1.9720472218       -0.8569171266       -2.2004235371
  40
 Etot=         -64.3464752348
 C         -0.0658140740        2.9804753919       -0.2245927599
 C         -0.3473271602        2.2591856731       -1.3739731037
 C         -0.0776545069        0.9010653081       -1.4269987378
 C          0.4755053027        0.2451478864       -0.3329244813
 C          0.7474077610        0.9772559696        0.8172666439
 C          0.4786780540        2.3337162991        0.8727839193
 H         -0.2719108497        4.0385332774       -0.1862858739
 H         -0.7713677327        2.7568060628       -2.2344612030
 H         -0.2994604728        0.3457506837       -2.3265143631
 H          1.1803221143        0.4787283426        1.6728298972
 H          0.6992561405        2.8862040018        1.7737608878
 C          0.8140011079       -1.2132893911       -0.4264719739
 C          2.0794297166       -1.4266513218       -1.2809954149
 H         -0.0132260791       -1.7526747473       -0.8894528627
 H          0.9868274886       -1.6243895122        0.5684432666
 H          2.1708340740       -2.4885106995       -1.5137597381
 C         -3.7725108108        0.1083012932        2.2206791146
 C         -2.8799238888        0.1489301989        0.9857965786
 C         -3.4031851375       -0.8411732672       -0.0691753225
 H         -1.8561499585       -0.1827444675        1.2303031303
 O         -2.8867125351        1.4470386474        0.4661130633
 H         -2.2108887583        1.5413269730       -0.2251540388
 H         -4.7645969780        0.4669291408        1.9571149634
 H         -3.3534709504        0.7665329791        2.9758349675
 H         -3.8378805063       -0.9037104504        2.6106312667
 F         -4.6691235553       -0.6202713738       -0.4257931791
 F         -2.6703125299       -0.7866834722       -1.1955884993
 F         -3.3341990050       -2.1130608013        0.3594737455
 C          3.3023379323       -0.9605747981       -0.5446744921
 C          4.0725971406       -1.8611741567        0.1798912363
 C          3.6556800788        0.3843087343       -0.5293816672
 C          5.1748540847       -1.4317420569        0.8980067072
 H          3.8103766760       -2.9090446709        0.1781830469
 C          4.7502574165        0.8168151034        0.1969952905
 H          3.0688083566        1.1002520971       -1.0897230948
 C          5.5171571230       -0.0912065273        0.9097814771
 H          5.7680102781       -2.1453238945        1.4489489487
 H          5.0056733003        1.8669817921        0.2029073513
 H          6.3740741445        0.2462442413        1.4730912539
 H          1.9713276797       -0.8744005345       -2.2150415461
  40
 Etot=         -64.3466268022
 C         -0.0536188796        2.9776819456       -0.2044340158
 C         -0.3472077630        2.2658142557       -1.3572794787
 C         -0.0806831702        0.9072195336       -1.4237258917
 C          0.4795394596        0.2413121230       -0.3392603239
 C          0.7619552481        0.9637699730        0.8150611319
 C          0.4979705623        2.3208101488        0.8834864707
 H         -0.2551091453        4.0367364375       -0.1559568506
 H         -0.7777420202        2.7711392921       -2.2102537346
 H         -0.3129408450        0.3598065962       -2.3256778448
 H          1.1998517723        0.4558675655        1.6627293422
 H          0.7291222749        2.8668758881        1.7858935297
 C          0.8074530528       -1.2183344167       -0.4431236735
 C          2.0792716004       -1.4400684587       -1.2886237720
 H         -0.0209472124       -1.7481744639       -0.9159432245
 H          0.9696392831       -1.6389104263        0.5500420526
 H          2.1707399565       -2.5061150291       -1.5058711723
 C         -3.7727019433        0.1034337846        2.2176351086
 C         -2.8826685572        0.1680954036        0.9814605205
 C         -3.3811808147       -0.8431110478       -0.0673995900
 H         -1.8503094097       -0.1341314188        1.2262115419
 O         -2.9260526550        1.4626115496        0.4538899041
 H         -2.2228983836        1.5804318531       -0.2091230119
 H         -4.7745722278        0.4365350201        1.9561080117
 H         -3.3708431919        0.7692653252        2.9752720330
 H         -3.8115798681       -0.9114956585        2.6046386056
 F         -4.6529789953       -0.6563114340       -0.4234125338
 F         -2.6508716730       -0.7808884975       -1.1944522153
 F         -3.2801636921       -2.1100765886        0.3736990678
 C          3.2973539046       -0.9654116826       -0.5516553912
 C          4.0559769975       -1.8548636595        0.1977662565
 C          3.6587877053        0.3772578339       -0.5608461139
 C          5.1531671991       -1.4171955791        0.9185053334
 H          3.7861346231       -2.9024108413        0.2181078482
 C          4.7472002355        0.8189858292        0.1695614043
 H          3.0810219916        1.0828807752       -1.1384706913
 C          5.5009520955       -0.0778530862        0.9091823597
 H          5.7336613322       -2.1244743208        1.4955106931
 H          5.0061082018        1.8678968341        0.1618373893
 H          6.3513106851        0.2670156320        1.4785027858
 H          1.9755527475       -0.9017130363       -2.2317174566
  40
 Etot=         -64.3467546558
 C         -0.0420143260        2.9742725584       -0.1859662454
 C         -0.3462877633        2.2708338003       -1.3421988228
 C         -0.0831751989        0.9123409218       -1.4195274194
 C          0.4834683570        0.2372677279       -0.3433879043
 C          0.7769889891        0.9510319760        0.8131852146
 C          0.5162114206        2.3086931196        0.8926867295
 H         -0.2398812995        4.0341384506       -0.1281908082
 H         -0.7822142201        2.7824947587       -2.1885303260
 H         -0.3245264254        0.3700253863       -2.3222904785
 H          1.2207846888        0.4364939404        1.6539207632
 H          0.7563624960        2.8500645151        1.7955897576
 C          0.8001774693       -1.2236826570       -0.4588740400
 C          2.0789864222       -1.4507325045       -1.2945108429
 H         -0.0296259316       -1.7417014567       -0.9445610124
 H          0.9490765280       -1.6567080558        0.5322827851
 H          2.1730742922       -2.5199130089       -1.5013863014
 C         -3.7717234824        0.1008313845        2.2139955739
 C         -2.8831718963        0.1827880417        0.9779622390
 C         -3.3636070723       -0.8440805874       -0.0650451603
 H         -1.8467409061       -0.0986378305        1.2239411721
 O         -2.9505285945        1.4726101784        0.4439475223
 H         -2.2361675703        1.6057406866       -0.2036092086
 H         -4.7803724586        0.4132131578        1.9532244262
 H         -3.3844967771        0.7722480208        2.9739413455
 H         -3.7902983709       -0.9151960676        2.5992609444
 F         -4.6406542751       -0.6840996273       -0.4167211287
 F         -2.6393452400       -0.7763670452       -1.1955284386
 F         -3.2364107043       -2.1058911650        0.3864919515
 C          3.2901018760       -0.9685041424       -0.5522259661
 C          4.0388431874       -1.8490088139        0.2193990011
 C          3.6569232558        0.3719580318       -0.5812934223
 C          5.1317172356       -1.4046563071        0.9422841919
 H          3.7671047035       -2.8948887888        0.2487005400
 C          4.7414021639        0.8215080548        0.1505657611
 H          3.0919964698        1.0701101304       -1.1869912247
 C          5.4834852331       -0.0656614631        0.9136168849
 H          5.7085112020       -2.1045090585        1.5281345101
 H          5.0096549876        1.8704526303        0.1216029381
 H          6.3332063608        0.2863807988        1.4789066752
 H          1.9808656554       -0.9213557380       -2.2449277725
  40
 Etot=         -64.3469020051
 C         -0.0269977285        2.9697008346       -0.1672629772
 C         -0.3442266640        2.2754356487       -1.3263521878
 C         -0.0864719237        0.9174721544       -1.4141724013
 C          0.4867450733        0.2321296064       -0.3468860025
 C          0.7947559207        0.9364981152        0.8104932020
 C          0.5392701045        2.2950766731        0.9004986598
 H         -0.2226267991        4.0299030748       -0.0990844181
 H         -0.7855102330        2.7937746655       -2.1654554052
 H         -0.3357037528        0.3794723792       -2.3175315889
 H          1.2461625465        0.4165764696        1.6439535748
 H          0.7864227350        2.8313048967        1.8048811202
 C          0.7909692090       -1.2303732353       -0.4767369770
 C          2.0780327696       -1.4618634454       -1.2985128421
 H         -0.0394832589       -1.7329573440       -0.9802109583
 H          0.9204751497       -1.6791474105        0.5116232439
 H          2.1767477998       -2.5330785621       -1.4953489405
 C         -3.7695159828        0.1009724280        2.2095896445
 C         -2.8814226322        0.1947490444        0.9749899338
 C         -3.3478775182       -0.8446947673       -0.0614504764
 H         -1.8434630236       -0.0704687168        1.2233908897
 O         -2.9655877001        1.4792382392        0.4354463484
 H         -2.2565513612        1.6220325831       -0.2105974546
 H         -4.7830314576        0.3943446013        1.9478007019
 H         -3.3959581486        0.7784774629        2.9704790245
 H         -3.7706969551       -0.9141889187        2.5956889891
 F         -4.6303330179       -0.7088737808       -0.4048079315
 F         -2.6338360110       -0.7716610746       -1.1983908064
 F         -3.1958525973       -2.1007851723        0.3982787063
 C          3.2821513164       -0.9698560879       -0.5515598159
 C          4.0231247006       -1.8407440339        0.2392208444
 C          3.6543453976        0.3684463645       -0.6022522181
 C          5.1128327716       -1.3888292881        0.9614417673
 H          3.7484405167       -2.8858076213        0.2796326271
 C          4.7359273340        0.8262572052        0.1288519350
 H          3.0941716288        1.0553081549       -1.2200401501
 C          5.4677814451       -0.0499196902        0.9125333256
 H          5.6848692727       -2.0819334280        1.5614033080
 H          5.0081185040        1.8718882097        0.0899206261
 H          6.3142522321        0.3078653741        1.4804488846
 H          1.9872508196       -0.9418376541       -2.2560394007
  40
 Etot=         -64.3470345480
 C         -0.0113621080        2.9621120369       -0.1434107766
 C         -0.3415383260        2.2799917291       -1.3065086915
 C         -0.0892867225        0.9227111200       -1.4085078660
 C          0.4898304024        0.2243532278       -0.3519868679
 C          0.8151857387        0.9171414442        0.8070529486
 C          0.5653523256        2.2762057424        0.9111700088
 H         -0.2053651573        4.0217188126       -0.0628199761
 H         -0.7883645079        2.8075824758       -2.1368839082
 H         -0.3471314977        0.3917224653       -2.3135148316
 H          1.2754012151        0.3905886948        1.6317222994
 H          0.8240182481        2.8042855651        1.8171220560
 C          0.7805246321       -1.2399060711       -0.4972573885
 C          2.0744026079       -1.4738456014       -1.3035968614
 H         -0.0489662725       -1.7262556040       -1.0186822379
 H          0.8891410307       -1.7030121528        0.4871669152
 H          2.1781802145       -2.5452011249       -1.4915245804
 C         -3.7650541095        0.1026827946        2.2052312261
 C         -2.8766560839        0.2070836197        0.9721501600
 C         -3.3260870249       -0.8465077856       -0.0574458618
 H         -1.8338961166       -0.0373407378        1.2237307287
 O         -2.9843013187        1.4882064928        0.4278018044
 H         -2.2863965607        1.6426596662       -0.2246212768
 H         -4.7843591899        0.3738027880        1.9405554529
 H         -3.4062304074        0.7917085724        2.9633683182
 H         -3.7455299128       -0.9105813387        2.5966594010
 F         -4.6150182553       -0.7404938095       -0.3923548919
 F         -2.6231988523       -0.7629377147       -1.2011771148
 F         -3.1432310762       -2.0973138767        0.4063975617
 C          3.2720807333       -0.9711979176       -0.5523278037
 C          4.0032806910       -1.8297794807        0.2595057036
 C          3.6491977897        0.3636648185       -0.6248459550
 C          5.0875776494       -1.3684765529        0.9838369909
 H          3.7220199196       -2.8739441027        0.3185513595
 C          4.7261784325        0.8306880292        0.1079165583
 H          3.0980449128        1.0394030761       -1.2638297355
 C          5.4455700409       -0.0325284719        0.9158523254
 H          5.6527261359       -2.0521217293        1.6026232542
 H          5.0083544387        1.8737162271        0.0453789309
 H          6.2909595322        0.3320551660        1.4811651170
 H          1.9916472901       -0.9627365384       -2.2657880907
  40
 Etot=         -64.3471587968
 C          0.0019043379        2.9508915969       -0.1170482214
 C         -0.3388225175        2.2816990264       -1.2842673093
 C         -0.0911917840        0.9252244885       -1.4016855967
 C          0.4919096141        0.2139545406       -0.3560406338
 C          0.8343650679        0.8950059064        0.8048090157
 C          0.5894744521        2.2537789142        0.9240877750
 H         -0.1910677506        4.0090660456       -0.0243102671
 H         -0.7901537144        2.8194952131       -2.1058365168
 H         -0.3569096581        0.4027925383       -2.3090470803
 H          1.3013464593        0.3613333892        1.6209567584
 H          0.8613908318        2.7719257728        1.8316032653
 C          0.7712899404       -1.2514819913       -0.5151674261
 C          2.0689146461       -1.4827837592       -1.3119315192
 H         -0.0563599640       -1.7240139453       -1.0504431564
 H          0.8649787170       -1.7257243061        0.4649482854
 H          2.1789250463       -2.5525841313       -1.4975613729
 C         -3.7574061563        0.1071573868        2.2020338216
 C         -2.8684023050        0.2162763600        0.9699484139
 C         -3.3018051529       -0.8477851179       -0.0546646082
 H         -1.8208982484       -0.0103732847        1.2239907648
 O         -2.9963431044        1.4950938498        0.4227900831
 H         -2.3187124947        1.6554457014       -0.2486953385
 H         -4.7801788744        0.3587844837        1.9322367015
 H         -3.4113036080        0.8103959706        2.9534302256
 H         -3.7209425799       -0.9017593508        2.6035729115
 F         -4.5955675424       -0.7687283453       -0.3810713738
 F         -2.6102758471       -0.7511449920       -1.2047266547
 F         -3.0904679778       -2.0938266202        0.4071880708
 C          3.2605546946       -0.9713294484       -0.5553150439
 C          3.9771252891       -1.8181541281        0.2845269870
 C          3.6455877402        0.3604889898       -0.6528457361
 C          5.0555532995       -1.3468894752        1.0112829428
 H          3.6916283033       -2.8591181080        0.3583539922
 C          4.7188069241        0.8368452199        0.0790837374
 H          3.1031037736        1.0259333571       -1.3101636282
 C          5.4235721826       -0.0137295335        0.9148026796
 H          5.6116395108       -2.0203543048        1.6508743461
 H          5.0070386875        1.8746897543       -0.0012900333
 H          6.2647984122        0.3561572157        1.4836343824
 H          1.9906018309       -0.9727509251       -2.2741692390
  40
 Etot=         -64.3472091512
 C          0.0196495525        2.9399537533       -0.0985014985
 C         -0.3342943773        2.2819117223       -1.2666499627
 C         -0.0951062765        0.9252369494       -1.3971400446
 C          0.4899905603        0.2029077606       -0.3615428774
 C          0.8504482082        0.8743056469        0.7996562343
 C          0.6159589981        2.2329769311        0.9308629426
 H         -0.1693772293        3.9968016453        0.0036401147
 H         -0.7896927503        2.8295113422       -2.0796835462
 H         -0.3698493390        0.4119790629       -2.3067149579
 H          1.3223876776        0.3334325346        1.6075772464
 H          0.9038037189        2.7409739133        1.8389937262
 C          0.7612781923       -1.2631591514       -0.5297208105
 C          2.0646733571       -1.4903755049       -1.3152548843
 H         -0.0611755987       -1.7253279370       -1.0783100518
 H          0.8411852266       -1.7446585857        0.4468651231
 H          2.1816867693       -2.5583282688       -1.5011113213
 C         -3.7493447278        0.1167612660        2.2015228485
 C         -2.8618289358        0.2175573226        0.9679836921
 C         -3.2899822109       -0.8485155369       -0.0526614175
 H         -1.8132771123       -0.0041221720        1.2216781025
 O         -2.9949515668        1.4940978613        0.4196452461
 H         -2.3476975716        1.6450487461       -0.2848234536
 H         -4.7711973732        0.3584438460        1.9265150194
 H         -3.4079869333        0.8336944948        2.9410836463
 H         -3.7066826910       -0.8845060896        2.6184540378
 F         -4.5857532864       -0.7848883580       -0.3675241255
 F         -2.6120974895       -0.7400785502       -1.2098808082
 F         -3.0595180545       -2.0904361368        0.4009763207
 C          3.2502878366       -0.9712235126       -0.5524201002
 C          3.9620086735       -1.8051457498        0.2973658255
 C          3.6353353065        0.3571161506       -0.6594650020
 C          5.0352591772       -1.3231942005        1.0247823838
 H          3.6757620350       -2.8434490131        0.3830260109
 C          4.7047552923        0.8423767864        0.0717474814
 H          3.0959920690        1.0142343689       -1.3241775087
 C          5.4060701400        0.0049362995        0.9158275092
 H          5.5894264425       -1.9852077650        1.6718275240
 H          4.9958322443        1.8760763085       -0.0244805073
 H          6.2450839208        0.3800958935        1.4838096346
 H          1.9906386068       -0.9779101200       -2.2759033874
  40
 Etot=         -64.3473267194
 C          0.0331088569        2.9301479356       -0.0738051219
 C         -0.3324258725        2.2832677884       -1.2447041527
 C         -0.0985654310        0.9262576628       -1.3898755786
 C          0.4903087652        0.1931756454       -0.3644354058
 C          0.8633040102        0.8538900003        0.8000330668
 C          0.6361972657        2.2123684109        0.9449569974
 H         -0.1531040307        3.9867847876        0.0397591070
 H         -0.7920762483        2.8402570068       -2.0496590395
 H         -0.3808412326        0.4235757853       -2.3037778226
 H          1.3377512422        0.3026066057        1.5997747922
 H          0.9315741192        2.7102660743        1.8570985609
 C          0.7554845561       -1.2729122759       -0.5435575224
 C          2.0620346418       -1.4967544689       -1.3279557922
 H         -0.0667690290       -1.7285570169       -1.0978677753
 H          0.8333335482       -1.7621724220        0.4300142534
 H          2.1834722540       -2.5652748635       -1.5120221499
 C         -3.7423089797        0.1206218407        2.1993216651
 C         -2.8570308451        0.2296908939        0.9637437160
 C         -3.2690647839       -0.8491365960       -0.0517209193
 H         -1.8035715137        0.0252906658        1.2169484113
 O         -3.0105277992        1.5025665041        0.4095746968
 H         -2.3652587994        1.6548557087       -0.2975428457
 H         -4.7701624758        0.3415337632        1.9227912279
 H         -3.4131493677        0.8504935426        2.9328378426
 H         -3.6810059006       -0.8781886421        2.6236332294
 F         -4.5694316196       -0.8151385600       -0.3605227854
 F         -2.5996449499       -0.7274791479       -1.2125110907
 F         -3.0075065355       -2.0864813698        0.4032729325
 C          3.2425913418       -0.9714300298       -0.5620871754
 C          3.9372992901       -1.7943210795        0.3181322047
 C          3.6369059686        0.3542562085       -0.6929726976
 C          5.0032395511       -1.3038687560        1.0513364400
 H          3.6412739211       -2.8310271354        0.4290876619
 C          4.6998574043        0.8476836852        0.0430872483
 H          3.1075794675        1.0028580426       -1.3753092274
 C          5.3846444405        0.0203801680        0.9182994016
 H          5.5435129197       -1.9572316119        1.7237712285
 H          4.9998194235        1.8796401538       -0.0769403578
 H          6.2199468190        0.4018935859        1.4868977192
 H          1.9869060888       -0.9844845364       -2.2892305386
  40
 Etot=         -64.3473871429
 C          0.0426224158        2.9273995367       -0.0656041512
 C         -0.3301003062        2.2848029704       -1.2366989890
 C         -0.1011120185        0.9269283187       -1.3875277161
 C          0.4900670556        0.1896497364       -0.3669499512
 C          0.8669070039        0.8457085426        0.7994690392
 C          0.6451437401        2.2043249143        0.9498555856
 H         -0.1373969097        3.9851626366        0.0516807991
 H         -0.7917019567        2.8453664414       -2.0379675296
 H         -0.3904878375        0.4295408203       -2.3023405571
 H          1.3409790140        0.2878408193        1.5950452600
 H          0.9456304241        2.6985342214        1.8622907758
 C          0.7532680339       -1.2759226881       -0.5497756223
 C          2.0629799143       -1.5002488400       -1.3314699074
 H         -0.0683907158       -1.7317797738       -1.1055066864
 H          0.8313434497       -1.7672014482        0.4228648942
 H          2.1845357987       -2.5700685781       -1.5111161468
 C         -3.7397348969        0.1241606712        2.1986070697
 C         -2.8581339059        0.2345519773        0.9600269396
 C         -3.2676553544       -0.8503979270       -0.0512093067
 H         -1.8034741057        0.0346929796        1.2117987781
 O         -3.0170223928        1.5043040551        0.3996064882
 H         -2.3629548947        1.6519294294       -0.2984165974
 H         -4.7708387626        0.3372396504        1.9255021140
 H         -3.4132811403        0.8577417795        2.9290887996
 H         -3.6712285272       -0.8735756405        2.6252851567
 F         -4.5697345362       -0.8284285927       -0.3551824004
 F         -2.6037979112       -0.7249422179       -1.2141926895
 F         -2.9927075996       -2.0849265294        0.4069691855
 C          3.2399831160       -0.9720169469       -0.5638505069
 C          3.9297026940       -1.7894176131        0.3250212231
 C          3.6362242649        0.3529883731       -0.7008387442
 C          4.9935508692       -1.2950335750        1.0584054124
 H          3.6356193946       -2.8233838385        0.4360062436
 C          4.6972321736        0.8508001552        0.0347331033
 H          3.1125986048        0.9996503031       -1.3945991047
 C          5.3788334574        0.0280736915        0.9167898048
 H          5.5271591897       -1.9455712113        1.7413034704
 H          4.9939429708        1.8812448499       -0.0832421669
 H          6.2103023839        0.4130563644        1.4890476836
 H          1.9888282844       -0.9928738635       -2.2950346481
  40
 Etot=         -64.3474515871
 C          0.0530708457        2.9226122637       -0.0571520644
 C         -0.3259755286        2.2841831705       -1.2278493109
 C         -0.1036013896        0.9254732991       -1.3829742461
 C          0.4884618326        0.1843949786       -0.3668361966
 C          0.8675498019        0.8357612263        0.8012269121
 C          0.6521968599        2.1943070440        0.9558763909
 H         -0.1187912146        3.9815667555        0.0625739095
 H         -0.7874563041        2.8480290638       -2.0260696038
 H         -0.3991880017        0.4334129546       -2.2984005928
 H          1.3395070260        0.2713684094        1.5929890717
 H          0.9567222791        2.6848936879        1.8681974886
 C          0.7529335221       -1.2796407099       -0.5537211535
 C          2.0642665688       -1.5002026869       -1.3368127651
 H         -0.0676168976       -1.7377028711       -1.1090483367
 H          0.8344261769       -1.7723604552        0.4174128120
 H          2.1872087934       -2.5702622806       -1.5164058571
 C         -3.7341878505        0.1313070626        2.1978059112
 C         -2.8570570208        0.2347111836        0.9555834000
 C         -3.2708689165       -0.8519291141       -0.0514172389
 H         -1.8036506189        0.0321370729        1.2051577752
 O         -3.0122758800        1.5009007716        0.3887409450
 H         -2.3584899020        1.6355660228       -0.3114048017
 H         -4.7658350552        0.3412542956        1.9284431655
 H         -3.4068320760        0.8682975105        2.9229194216
 H         -3.6639430083       -0.8629773811        2.6294142430
 F         -4.5727742733       -0.8354336801       -0.3466674812
 F         -2.6159371843       -0.7243531084       -1.2184008057
 F         -2.9881118704       -2.0829972376        0.4067623070
 C          3.2382849683       -0.9694784259       -0.5684780093
 C          3.9216788753       -1.7823176544        0.3292810723
 C          3.6358812704        0.3546448018       -0.7083394788
 C          4.9823399924       -1.2852023794        1.0653636173
 H          3.6247509547       -2.8149909766        0.4471963232
 C          4.6939488576        0.8555171532        0.0287892374
 H          3.1132937067        0.9987160758       -1.4018439491
 C          5.3720521276        0.0360749253        0.9166539639
 H          5.5110261531       -1.9322460282        1.7519690405
 H          4.9914147318        1.8860989313       -0.0927456936
 H          6.2008539075        0.4241488416        1.4903957811
 H          1.9884242222       -0.9933785582       -2.3003107994
  40
 Etot=         -64.3474808391
 C          0.0552466235        2.9222999484       -0.0562937503
 C         -0.3240769576        2.2844987630       -1.2272915545
 C         -0.1028602810        0.9257018876       -1.3821489686
 C          0.4889602683        0.1836705449       -0.3659963702
 C          0.8679828852        0.8343084522        0.8023433960
 C          0.6533695851        2.1930840056        0.9568978876
 H         -0.1156739456        3.9813677665        0.0633110232
 H         -0.7844171527        2.8488920012       -2.0258653057
 H         -0.3976117988        0.4335760119       -2.2976684768
 H          1.3392851349        0.2700143970        1.5945538628
 H          0.9561787702        2.6833941130        1.8700086736
 C          0.7541629499       -1.2800985422       -0.5543168035
 C          2.0643074055       -1.4998218141       -1.3382481600
 H         -0.0666504653       -1.7374356121       -1.1100913911
 H          0.8354313268       -1.7739938548        0.4162012710
 H          2.1875646689       -2.5695628404       -1.5181743450
 C         -3.7334360866        0.1326762375        2.1978480752
 C         -2.8577946296        0.2339768707        0.9545900606
 C         -3.2737541795       -0.8541448835       -0.0505395225
 H         -1.8039255918        0.0309694365        1.2033921670
 O         -3.0122420597        1.5002096249        0.3863219172
 H         -2.3568847117        1.6369912437       -0.3134311919
 H         -4.7654931055        0.3429739930        1.9297550095
 H         -3.4039773783        0.8703846974        2.9221607579
 H         -3.6621084362       -0.8613891722        2.6298987333
 F         -4.5766159622       -0.8398063691       -0.3414609550
 F         -2.6219909634       -0.7275983016       -1.2197442883
 F         -2.9884150011       -2.0843986280        0.4079100306
 C          3.2392704794       -0.9690680976       -0.5707005109
 C          3.9210324433       -1.7807557878        0.3276477123
 C          3.6371189759        0.3546771807       -0.7101615743
 C          4.9810085887       -1.2837642204        1.0646467009
 H          3.6215876815       -2.8127981603        0.4468798321
 C          4.6937642392        0.8554849514        0.0290706159
 H          3.1159002825        0.9979410433       -1.4050514157
 C          5.3696527620        0.0370610638        0.9179581589
 H          5.5061292851       -1.9289467559        1.7546275977
 H          4.9915924319        1.8866711286       -0.0913245836
 H          6.1980870366        0.4252618465        1.4920732455
 H          1.9879953635       -0.9926002153       -2.3017131564
