    -64.350070665358    -64.350070665358         0.17209E-03
    -64.350071141206    -64.350071141206         0.87162E-04
    -64.350071085602    -64.350071085602         0.11518E-03
    -64.350071213315    -64.350071213315         0.91186E-04
    -64.349550291827    -64.349550291827         0.60954E-04
    -64.350070966145    -64.350070966145         0.14526E-03
    -64.349201273955    -64.349201273955         0.15993E-03
    -64.349549811473    -64.349549811473         0.10514E-03
    -64.349545209291    -64.349545209291         0.19806E-03
    -64.349547297441    -64.349547297441         0.18085E-03
    -64.349089252684    -64.349089252684         0.47402E-04
    -64.348931261656    -64.348931261656         0.13291E-03
    -64.348930913641    -64.348930913641         0.15146E-03
    -64.348931276747    -64.348931276747         0.68307E-04
    -64.348792447234    -64.348792447234         0.15764E-03
    -64.348762481059    -64.348762481059         0.62282E-04
    -64.348739453061    -64.348739453061         0.39639E-04
    -64.348734769998    -64.348734769998         0.16829E-03
    -64.348735604342    -64.348735604342         0.64669E-04
    -64.348666203464    -64.348666203464         0.12962E-03
    -64.348665941552    -64.348665941552         0.12730E-03
    -64.348666651447    -64.348666651447         0.56668E-04
    -64.348647444262    -64.348647444262         0.81454E-04
    -64.348634627713    -64.348634627713         0.14806E-03
    -64.348449036773    -64.348449036773         0.93788E-04
    -64.348447448759    -64.348447448759         0.15290E-03
    -64.348411635361    -64.348411635361         0.83109E-04
    -64.348361283345    -64.348361283345         0.17413E-03
    -64.348359265353    -64.348359265353         0.81620E-04
    -64.348289016327    -64.348289016327         0.91697E-04
    -64.348273327454    -64.348273327454         0.16996E-03
    -64.348271564286    -64.348271564286         0.17121E-03
    -64.348283592541    -64.348283592541         0.18589E-03
    -64.348165961881    -64.348165961881         0.15237E-03
    -64.348280538827    -64.348280538827         0.12242E-03
    -64.348075227569    -64.348075227569         0.19843E-03
    -64.348443762515    -64.348443762515         0.18922E-03
    -64.348448131915    -64.348448131915         0.15703E-03
    -64.348438655021    -64.348438655021         0.35224E-04
    -64.348077502388    -64.348077502388         0.11059E-03
    -64.348274916887    -64.348274916887         0.72178E-04
    -64.348274688881    -64.348274688881         0.17232E-03
    -64.347857155119    -64.347857155119         0.11470E-03
    -64.347856091258    -64.347856091258         0.18396E-03
    -64.347857471055    -64.347857471055         0.72710E-04
    -64.347828174186    -64.347828174186         0.14993E-03
    -64.347850650283    -64.347850650283         0.93700E-04
    -64.348272488086    -64.348272488086         0.18873E-03
    -64.347798837072    -64.347798837072         0.98094E-04
    -64.347798685775    -64.347798685775         0.19572E-03
    -64.347832447147    -64.347832447147         0.51069E-04
    -64.347715324489    -64.347715324489         0.17556E-03
    -64.347712509737    -64.347712509737         0.19974E-03
    -64.347494211197    -64.347494211197         0.14132E-03
    -64.347494542933    -64.347494542933         0.17769E-03
    -64.347487383057    -64.347487383057         0.12234E-03
    -64.347490586589    -64.347490586589         0.13527E-03
    -64.347487265219    -64.347487265219         0.65385E-04
    -64.347480169689    -64.347480169689         0.18558E-03
    -64.347449622342    -64.347449622342         0.18180E-03
    -64.347484543468    -64.347484543468         0.16779E-03
    -64.347449587915    -64.347449587915         0.78294E-04
    -64.347453459593    -64.347453459593         0.18706E-03
    -64.347404704268    -64.347404704268         0.13398E-03
    -64.347856108373    -64.347856108373         0.18119E-03
    -64.347856990857    -64.347856990857         0.17938E-03
    -64.347373671677    -64.347373671677         0.18564E-03
    -64.347373681405    -64.347373681405         0.15265E-03
    -64.347485798781    -64.347485798781         0.79072E-04
    -64.347372144431    -64.347372144431         0.19599E-03
    -64.347453533268    -64.347453533268         0.17155E-03
    -64.347444607754    -64.347444607754         0.93926E-04
    -64.347259663391    -64.347259663391         0.65426E-04
    -64.347252728771    -64.347252728771         0.81089E-04
    -64.348888576575    -64.348888576575         0.19639E-03
    -64.347454470554    -64.347454470554         0.18604E-03
    -64.347453253043    -64.347453253043         0.80202E-04
    -64.347376473892    -64.347376473892         0.38189E-04
    -64.347395423446    -64.347395423446         0.61342E-04
    -64.347450492500    -64.347450492500         0.14404E-03
    -64.347069857374    -64.347069857374         0.11535E-03
