    -64.350738038581    -64.350738038581         0.66435E-04
    -64.350739521547    -64.350739521547         0.11322E-03
    -64.350737416636    -64.350737416636         0.99892E-04
    -64.350738642723    -64.350738642723         0.15638E-03
    -64.350737289284    -64.350737289284         0.11101E-03
    -64.350731173367    -64.350731173367         0.11725E-03
    -64.350726450172    -64.350726450172         0.58276E-04
    -64.350732454131    -64.350732454131         0.30999E-04
    -64.350731043123    -64.350731043123         0.97263E-04
    -64.350723764138    -64.350723764138         0.49317E-04
    -64.350036964538    -64.350036964538         0.19184E-03
    -64.350035503109    -64.350035503109         0.19563E-03
    -64.350036318943    -64.350036318943         0.14737E-03
    -64.350718537538    -64.350718537538         0.67324E-04
    -64.349937457414    -64.349937457414         0.17448E-03
    -64.349937550896    -64.349937550896         0.17428E-03
    -64.349937770614    -64.349937770614         0.14685E-03
    -64.349936962181    -64.349936962181         0.87908E-04
    -64.350721208598    -64.350721208598         0.50313E-04
    -64.350724623852    -64.350724623852         0.75091E-04
    -64.350722022105    -64.350722022105         0.98784E-04
    -64.349830813951    -64.349830813951         0.19183E-03
    -64.349827486743    -64.349827486743         0.13157E-03
    -64.349830721453    -64.349830721453         0.62657E-04
    -64.349824100161    -64.349824100161         0.12884E-03
    -64.349827349463    -64.349827349463         0.14710E-03
    -64.349728121405    -64.349728121405         0.18930E-03
    -64.349728089410    -64.349728089410         0.12086E-03
    -64.349714049390    -64.349714049390         0.58914E-04
    -64.349497803756    -64.349497803756         0.85036E-04
    -64.349495228117    -64.349495228117         0.14101E-03
    -64.349728574435    -64.349728574435         0.72772E-04
    -64.349401042833    -64.349401042833         0.10178E-03
    -64.349400899304    -64.349400899304         0.62601E-04
    -64.349401614475    -64.349401614475         0.11931E-03
    -64.350035953308    -64.350035953308         0.14088E-03
    -64.349497810986    -64.349497810986         0.19561E-03
    -64.349400113454    -64.349400113454         0.13168E-03
    -64.349217466718    -64.349217466718         0.15276E-03
    -64.349217542515    -64.349217542515         0.12450E-03
    -64.349726535795    -64.349726535795         0.10536E-03
    -64.349201111945    -64.349201111945         0.90339E-04
    -64.349139027651    -64.349139027651         0.12294E-03
    -64.349135506331    -64.349135506331         0.12976E-03
    -64.349401339654    -64.349401339654         0.19329E-03
    -64.349087875629    -64.349087875629         0.18844E-03
    -64.349086307222    -64.349086307222         0.71152E-04
    -64.349060110030    -64.349060110030         0.15854E-03
    -64.349022872738    -64.349022872738         0.77729E-04
    -64.349062277849    -64.349062277849         0.18864E-03
    -64.348989568345    -64.348989568345         0.98753E-04
    -64.348742720266    -64.348742720266         0.88729E-04
    -64.348665013167    -64.348665013167         0.12981E-03
    -64.348665970775    -64.348665970775         0.18363E-03
    -64.348647107122    -64.348647107122         0.19459E-03
    -64.348647441994    -64.348647441994         0.17695E-03
    -64.348449159386    -64.348449159386         0.18644E-03
    -64.348411655292    -64.348411655292         0.15829E-03
    -64.348411799968    -64.348411799968         0.89356E-04
    -64.348410410353    -64.348410410353         0.19033E-03
    -64.348409850078    -64.348409850078         0.17681E-03
    -64.348407023018    -64.348407023018         0.85724E-04
    -64.348409405581    -64.348409405581         0.18006E-03
    -64.348361513170    -64.348361513170         0.93337E-04
    -64.348225264452    -64.348225264452         0.13228E-03
    -64.348191197404    -64.348191197404         0.77659E-04
    -64.348328926599    -64.348328926599         0.57891E-04
    -64.348410766730    -64.348410766730         0.18474E-03
    -64.348077537687    -64.348077537687         0.12740E-03
    -64.348076076719    -64.348076076719         0.15448E-03
    -64.348448331299    -64.348448331299         0.18119E-03
    -64.348008086016    -64.348008086016         0.18549E-03
    -64.348407268365    -64.348407268365         0.14759E-03
    -64.348409448806    -64.348409448806         0.10762E-03
    -64.348410066848    -64.348410066848         0.96186E-04
    -64.348008629707    -64.348008629707         0.49918E-04
    -64.347875097057    -64.347875097057         0.84667E-04
    -64.347856851416    -64.347856851416         0.18157E-03
    -64.347841443959    -64.347841443959         0.16648E-03
    -64.347798540650    -64.347798540650         0.12376E-03
    -64.348008614537    -64.348008614537         0.17690E-03
    -64.349936880701    -64.349936880701         0.19712E-03
    -64.349937841038    -64.349937841038         0.84456E-04
    -64.347749725550    -64.347749725550         0.19847E-03
    -64.347718256421    -64.347718256421         0.11938E-03
    -64.347715737023    -64.347715737023         0.19387E-03
    -64.347716423992    -64.347716423992         0.17932E-03
    -64.347678807559    -64.347678807559         0.13804E-03
    -64.347662921286    -64.347662921286         0.17567E-03
    -64.347584829574    -64.347584829574         0.96797E-04
    -64.347584242498    -64.347584242498         0.68353E-04
    -64.347562108203    -64.347562108203         0.16835E-03
