  20
 Etot=         -39.7079555016
 C          2.5273242597       -0.6228637806        1.0246629567
 C          3.0956365040        0.2661730808        0.0137366337
 O          2.1596582358       -0.7608695838       -0.3563963437
 H          3.1297794187       -1.4362723799        1.4174883943
 H          1.7394781469       -0.2564135853        1.6743032774
 H          2.6713751078        1.2652477899       -0.0435717225
 C         -0.6702322016        0.5652895312       -0.1162754670
 C         -0.8382346549        1.9430747044       -0.5656932566
 O         -0.7138036508        1.6215892068        0.8272781946
 H          0.2911449750        0.0787861325       -0.2400974452
 H         -1.8183292454        2.2954378426       -0.8641351297
 H          0.0229495914        2.4374210829       -0.9987421353
 C          4.4954962255        0.1113585288       -0.5020147442
 H          4.5504074561        0.3875667135       -1.5570464600
 H          5.1770462329        0.7612954057        0.0516288168
 H          4.8341220271       -0.9199446037       -0.3984926419
 C         -1.8321888438       -0.3923694520       -0.0762040470
 F         -1.7327190253       -1.2289487547        0.9752833536
 F         -3.0194065502        0.2267576200        0.0117742495
 F         -1.8432040551       -1.1500314542       -1.1925335906
  20
 Etot=         -39.7106350275
 C          2.5414486617       -0.6213407220        1.0337209087
 C          3.1016001602        0.2701851423        0.0170068376
 O          2.1583767071       -0.7353952850       -0.3267964405
 H          3.1350203691       -1.4461309384        1.4075836588
 H          1.7593438665       -0.2647925914        1.6939009300
 H          2.6877582178        1.2743041332       -0.0432045149
 C         -0.6692005215        0.5614688950       -0.1252981734
 C         -0.8419902888        1.9451753069       -0.5693015656
 O         -0.6893115705        1.6187178130        0.7992796664
 H          0.2843150045        0.0576095809       -0.2652798075
 H         -1.8247272704        2.3021845954       -0.8475625224
 H          0.0069871780        2.4516569242       -1.0098227408
 C          4.5009574837        0.1113525669       -0.5008691856
 H          4.5460360361        0.3864220982       -1.5537002786
 H          5.1779826996        0.7580573097        0.0560828893
 H          4.8289836722       -0.9207660321       -0.3989353756
 C         -1.8377207267       -0.3929770149       -0.0766994669
 F         -1.7457234180       -1.2339186674        0.9660694647
 F         -3.0224305273        0.2225738615        0.0160901589
 F         -1.8714057798       -1.1521029314       -1.1873115495
  20
 Etot=         -39.7117000778
 C          2.5553917920       -0.6227188858        1.0431012599
 C          3.1070951327        0.2713704400        0.0231773608
 O          2.1641577842       -0.7150523789       -0.3003737733
 H          3.1531748382       -1.4485450515        1.4048480643
 H          1.7904537872       -0.2635661654        1.7228100172
 H          2.7098037432        1.2844692618       -0.0217159738
 C         -0.6720466888        0.5579170253       -0.1369448543
 C         -0.8497159444        1.9485259870       -0.5659682755
 O         -0.6639642822        1.6087862409        0.7763143257
 H          0.2697719775        0.0345091687       -0.3098398306
 H         -1.8375136585        2.3029400753       -0.8309291956
 H         -0.0149466768        2.4529845037       -1.0379169809
 C          4.5073516959        0.1097929550       -0.5006994002
 H          4.5468726847        0.3914962724       -1.5501034365
 H          5.1823578373        0.7488645841        0.0623383159
 H          4.8273703498       -0.9240658178       -0.4068688541
 C         -1.8502405114       -0.3897201478       -0.0783851287
 F         -1.7590324087       -1.2384740601        0.9524197422
 F         -3.0307202250        0.2265254210        0.0276587085
 F         -1.9093212732       -1.1437553832       -1.1879691983
  20
 Etot=         -39.7119168723
 C          2.5660013253       -0.6222173987        1.0519625747
 C          3.1134571927        0.2740923362        0.0316103963
 O          2.1645558779       -0.7039739825       -0.2879892847
 H          3.1660617300       -1.4506422787        1.4065844672
 H          1.8116991224       -0.2608531265        1.7430663326
 H          2.7260342158        1.2921665446       -0.0003243498
 C         -0.6771193884        0.5525604530       -0.1500425654
 C         -0.8570878055        1.9461919292       -0.5692168119
 O         -0.6461067718        1.5993137343        0.7657777915
 H          0.2569298753        0.0217606986       -0.3442499486
 H         -1.8490756653        2.3046462547       -0.8175612355
 H         -0.0311093119        2.4480658429       -1.0614873780
 C          4.5120867342        0.1090720096       -0.4997856436
 H          4.5496435447        0.3987056346       -1.5473480159
 H          5.1924967444        0.7403554541        0.0657639067
 H          4.8273467892       -0.9274349090       -0.4150493139
 C         -1.8616040569       -0.3880502997       -0.0802424483
 F         -1.7636189930       -1.2414963885        0.9454893908
 F         -3.0371446721        0.2360158986        0.0413615097
 F         -1.9371465335       -1.1359943622       -1.1933664812
  20
 Etot=         -39.7120993111
 C          2.5787081772       -0.6207066036        1.0611996704
 C          3.1240378728        0.2793870374        0.0432556490
 O          2.1671269599       -0.6905363837       -0.2777203895
 H          3.1773860440       -1.4552984934        1.4065921896
 H          1.8333295575       -0.2591678636        1.7614424667
 H          2.7461123019        1.3014045817        0.0243876848
 C         -0.6849520059        0.5452979375       -0.1653824265
 C         -0.8650696128        1.9409255124       -0.5761987150
 O         -0.6307867723        1.5887926254        0.7542176809
 H          0.2409818447        0.0090365981       -0.3769705518
 H         -1.8600848615        2.3062615123       -0.8053461837
 H         -0.0477605777        2.4404314929       -1.0851765421
 C          4.5189619878        0.1090331110       -0.4987336585
 H          4.5549085344        0.4108942666       -1.5435033032
 H          5.2080817155        0.7284953153        0.0705485261
 H          4.8275642984       -0.9312229078       -0.4276257196
 C         -1.8762220854       -0.3865306391       -0.0807573748
 F         -1.7727496345       -1.2426401975        0.9423719889
 F         -3.0457900416        0.2482618928        0.0550198400
 F         -1.9674837486       -1.1298347500       -1.1966679388
  20
 Etot=         -39.7122449763
 C          2.5932218865       -0.6184849912        1.0700374774
 C          3.1385926846        0.2867551428        0.0570893835
 O          2.1725301465       -0.6736560422       -0.2678948963
 H          3.1874615808       -1.4614449904        1.4039858533
 H          1.8549049255       -0.2584120722        1.7775562693
 H          2.7693452096        1.3116674178        0.0504010878
 C         -0.6949812527        0.5366030962       -0.1826626936
 C         -0.8730448917        1.9342180316       -0.5854831712
 O         -0.6166424338        1.5769085803        0.7400364717
 H          0.2230477717       -0.0048499041       -0.4099809920
 H         -1.8699820559        2.3075966705       -0.7937397049
 H         -0.0638173121        2.4308108236       -1.1088598649
 C          4.5284017129        0.1099224012       -0.4966269229
 H          4.5615541777        0.4272729983       -1.5372593269
 H          5.2284026369        0.7136468420        0.0773495191
 H          4.8272102343       -0.9347481099       -0.4432448019
 C         -1.8935977212       -0.3849253306       -0.0802975534
 F         -1.7859144920       -1.2422055179        0.9412094036
 F         -3.0559744215        0.2615780619        0.0701388948
 F         -2.0044184323       -1.1259690629       -1.1968015394
  20
 Etot=         -39.7123651730
 C          2.6094016243       -0.6159511805        1.0783724035
 C          3.1567674430        0.2960314493        0.0729292969
 O          2.1794431980       -0.6521106451       -0.2579157599
 H          3.1974363535       -1.4687196593        1.3983195166
 H          1.8781509968       -0.2576369801        1.7935463980
 H          2.7966339902        1.3238219730        0.0801103592
 C         -0.7075414655        0.5261530197       -0.2024773420
 C         -0.8814416849        1.9263615912       -0.5969549934
 O         -0.6021538668        1.5627631177        0.7224500438
 H          0.2024591845       -0.0210294980       -0.4458777216
 H         -1.8794510851        2.3086451515       -0.7824288914
 H         -0.0796749805        2.4184142588       -1.1348287938
 C          4.5404258989        0.1115694850       -0.4933369230
 H          4.5704072724        0.4481980859       -1.5281402513
 H          5.2531829332        0.6949424541        0.0867127231
 H          4.8257759774       -0.9380450956       -0.4618977427
 C         -1.9140576158       -0.3831534039       -0.0791365611
 F         -1.8014802164       -1.2408316423        0.9408792795
 F         -3.0673266537        0.2763590482        0.0887675606
 F         -2.0506573497       -1.1234974848       -1.1941397081
  20
 Etot=         -39.7124512196
 C          2.6267272023       -0.6132237370        1.0862401834
 C          3.1780073312        0.3070832757        0.0906584660
 O          2.1873404992       -0.6255988627       -0.2474755706
 H          3.2069930231       -1.4771537042        1.3896960183
 H          1.9035562988       -0.2565857465        1.8103769057
 H          2.8283406396        1.3381688265        0.1146930189
 C         -0.7228682742        0.5138009213       -0.2249496179
 C         -0.8903536862        1.9172905952       -0.6108495529
 O         -0.5869934284        1.5461236412        0.7010203340
 H          0.1784406337       -0.0399669843       -0.4856561198
 H         -1.8884235269        2.3098625320       -0.7718622096
 H         -0.0953918440        2.4026364971       -1.1641966678
 C          4.5546770526        0.1139003606       -0.4890613091
 H          4.5824491521        0.4734647837       -1.5162006295
 H          5.2813896844        0.6723048421        0.0985924775
 H          4.8230761033       -0.9407864077       -0.4833660825
 C         -1.9375054972       -0.3812656785       -0.0771142880
 F         -1.8171553324       -1.2397546617        0.9406116460
 F         -3.0792892984        0.2927292586        0.1129438408
 F         -2.1067167788       -1.1207457066       -1.1891479498
  20
 Etot=         -39.7124919502
 C          2.6366074125       -0.6114772319        1.0895904026
 C          3.1920874080        0.3147843691        0.1017896856
 O          2.1922026791       -0.6061782236       -0.2418945397
 H          3.2108186028       -1.4829358183        1.3817738942
 H          1.9189747275       -0.2559333580        1.8198448011
 H          2.8499549654        1.3479720146        0.1379346727
 C         -0.7338991528        0.5053107283       -0.2391944573
 C         -0.8954439671        1.9108700779       -0.6209863954
 O         -0.5784581672        1.5350566013        0.6857318760
 H          0.1615829331       -0.0529020481       -0.5101310420
 H         -1.8921780592        2.3106884713       -0.7678080528
 H         -0.1035550166        2.3903156360       -1.1835147409
 C          4.5643520240        0.1158867998       -0.4856710932
 H          4.5926828651        0.4911899885       -1.5067783738
 H          5.2994283831        0.6563395445        0.1075564916
 H          4.8203166290       -0.9413387978       -0.4973780331
 C         -1.9528113665       -0.3801819612       -0.0747346404
 F         -1.8247082003       -1.2403413159        0.9403923819
 F         -3.0858021487        0.3029790833        0.1324778761
 F         -2.1458525975       -1.1178205150       -1.1840478204
